#options: 1920x1080 fps=24000/1001 timebase=1001/24000 bitdepth=8 cabac=1 ref=1 deblock=1:0:0 analyse=0x1:0 me=dia subme=2 psy=1 psy_rd=1.00:0.00 mixed_ref=0 me_range=16 chroma_me=1 trellis=0 8x8dct=0 cqm=0 deadzone=21,11 fast_pskip=1 chroma_qp_offset=0 threads=15 lookahead_threads=5 sliced_threads=0 nr=0 decimate=1 interlaced=0 bluray_compat=0 constrained_intra=0 bframes=3 b_pyramid=2 b_adapt=1 b_bias=0 direct=1 weightb=1 open_gop=0 weightp=2 keyint=250 keyint_min=23 scenecut=40 intra_refresh=0 rc_lookahead=40 rc=abr mbtree=1 bitrate=1759 ratetol=1.0 qcomp=0.60 qpmin=0 qpmax=69 qpstep=4 ip_ratio=1.40 aq=1:1.00
in:0 out:0 type:I dur:2 cpbdur:2 q:31.91 aq:18.88 tex:65365 mv:34268 misc:255 imb:8160 pmb:0 smb:0 d:- ref:;
in:2 out:1 type:P dur:2 cpbdur:2 q:32.18 aq:19.89 tex:22375 mv:17548 misc:5821 imb:1828 pmb:1178 smb:5154 d:- ref:0 ;
in:1 out:2 type:b dur:2 cpbdur:2 q:32.18 aq:21.22 tex:3400 mv:5250 misc:2910 imb:127 pmb:647 smb:7386 d:- ref:0 ;
in:4 out:3 type:P dur:2 cpbdur:2 q:32.07 aq:20.75 tex:24113 mv:18909 misc:5498 imb:2195 pmb:1072 smb:4893 d:- ref:0 ;
in:3 out:4 type:b dur:2 cpbdur:2 q:32.13 aq:21.11 tex:3781 mv:5455 misc:2740 imb:167 pmb:527 smb:7466 d:- ref:0 ;
in:8 out:5 type:P dur:2 cpbdur:2 q:31.97 aq:20.44 tex:48188 mv:33325 misc:2103 imb:6110 pmb:676 smb:1374 d:- ref:0 ;
in:6 out:6 type:B dur:2 cpbdur:2 q:32.02 aq:20.83 tex:26018 mv:29427 misc:6675 imb:1718 pmb:2108 smb:4334 d:- ref:0 ;
in:5 out:7 type:b dur:2 cpbdur:2 q:32.05 aq:21.11 tex:3862 mv:6478 misc:3572 imb:173 pmb:735 smb:7252 d:- ref:0 ;
in:7 out:8 type:b dur:2 cpbdur:2 q:31.99 aq:20.58 tex:5341 mv:7560 misc:4163 imb:336 pmb:749 smb:7075 d:- ref:0 ;
in:10 out:9 type:P dur:2 cpbdur:2 q:31.67 aq:20.32 tex:35645 mv:22742 misc:5893 imb:3218 pmb:1511 smb:3431 d:- ref:0 w:5,29,1,6,56,16,59,10 ;
in:9 out:10 type:b dur:2 cpbdur:2 q:31.82 aq:21.71 tex:7568 mv:10802 misc:5142 imb:425 pmb:1147 smb:6588 d:- ref:0 ;
in:12 out:11 type:P dur:2 cpbdur:2 q:31.59 aq:20.66 tex:40227 mv:31048 misc:2581 imb:5912 pmb:648 smb:1600 d:- ref:0 ;
in:11 out:12 type:b dur:2 cpbdur:2 q:31.63 aq:21.00 tex:10509 mv:15795 misc:6024 imb:687 pmb:1504 smb:5969 d:- ref:0 ;
in:14 out:13 type:P dur:2 cpbdur:2 q:31.52 aq:19.69 tex:42116 mv:31512 misc:2116 imb:6205 pmb:615 smb:1340 d:- ref:0 ;
in:13 out:14 type:b dur:2 cpbdur:2 q:31.55 aq:21.19 tex:8759 mv:14239 misc:5586 imb:560 pmb:1369 smb:6231 d:- ref:0 ;
in:16 out:15 type:P dur:2 cpbdur:2 q:32.66 aq:21.11 tex:34779 mv:27758 misc:2783 imb:5649 pmb:697 smb:1814 d:- ref:0 ;
in:15 out:16 type:b dur:2 cpbdur:2 q:32.09 aq:21.50 tex:12939 mv:19582 misc:6399 imb:833 pmb:1862 smb:5465 d:- ref:0 ;
in:18 out:17 type:P dur:2 cpbdur:2 q:28.95 aq:17.64 tex:54379 mv:31408 misc:2077 imb:5923 pmb:820 smb:1417 d:- ref:0 ;
in:17 out:18 type:b dur:2 cpbdur:2 q:30.81 aq:19.76 tex:23661 mv:23861 misc:6766 imb:1049 pmb:2696 smb:4415 d:- ref:0 ;
in:19 out:19 type:P dur:2 cpbdur:2 q:27.22 aq:16.13 tex:60141 mv:35728 misc:3131 imb:5275 pmb:1005 smb:1880 d:- ref:0 ;
in:20 out:20 type:P dur:2 cpbdur:2 q:28.09 aq:16.74 tex:46173 mv:30863 misc:2940 imb:5364 pmb:696 smb:2100 d:- ref:0 ;
in:21 out:21 type:P dur:2 cpbdur:2 q:28.34 aq:15.06 tex:36258 mv:25503 misc:2719 imb:5032 pmb:727 smb:2401 d:- ref:0 ;
in:23 out:22 type:P dur:2 cpbdur:2 q:27.63 aq:13.94 tex:30299 mv:18969 misc:2692 imb:5359 pmb:615 smb:2186 d:- ref:0 ;
in:22 out:23 type:b dur:2 cpbdur:2 q:27.99 aq:16.03 tex:32050 mv:18769 misc:4813 imb:1057 pmb:3463 smb:3640 d:- ref:0 ;
in:24 out:24 type:P dur:2 cpbdur:2 q:27.01 aq:13.61 tex:23837 mv:12236 misc:2671 imb:3682 pmb:552 smb:3926 d:- ref:0 w:5,31,0,3,5,48,8,0 ;
in:25 out:25 type:P dur:2 cpbdur:2 q:26.58 aq:14.36 tex:4006 mv:3693 misc:1685 imb:1359 pmb:163 smb:6638 d:- ref:0 ;
in:28 out:26 type:P dur:2 cpbdur:2 q:26.86 aq:17.98 tex:217092 mv:41663 misc:717 imb:7273 pmb:46 smb:841 d:- ref:0 ;
in:26 out:27 type:B dur:2 cpbdur:2 q:26.67 aq:18.17 tex:47170 mv:34366 misc:7056 imb:1102 pmb:2657 smb:4401 d:- ref:0 ;
in:27 out:28 type:b dur:2 cpbdur:2 q:26.77 aq:19.43 tex:10136 mv:13446 misc:5698 imb:159 pmb:1544 smb:6457 d:- ref:0 ;
in:30 out:29 type:P dur:2 cpbdur:2 q:27.25 aq:17.94 tex:62743 mv:42686 misc:6187 imb:1814 pmb:3132 smb:3214 d:- ref:0 ;
in:29 out:30 type:b dur:2 cpbdur:2 q:27.05 aq:20.85 tex:9149 mv:11860 misc:5367 imb:82 pmb:1470 smb:6608 d:- ref:0 ;
in:32 out:31 type:P dur:2 cpbdur:2 q:27.59 aq:18.76 tex:63675 mv:42498 misc:5843 imb:2571 pmb:2768 smb:2821 d:- ref:0 ;
in:31 out:32 type:b dur:2 cpbdur:2 q:27.42 aq:19.80 tex:13469 mv:16539 misc:6200 imb:206 pmb:1883 smb:6071 d:- ref:0 ;
in:34 out:33 type:P dur:2 cpbdur:2 q:27.98 aq:18.77 tex:108153 mv:55486 misc:2033 imb:4898 pmb:2169 smb:1093 d:- ref:0 ;
in:33 out:34 type:b dur:2 cpbdur:2 q:27.78 aq:20.87 tex:18486 mv:19273 misc:6529 imb:394 pmb:2085 smb:5681 d:- ref:0 ;
in:38 out:35 type:P dur:2 cpbdur:2 q:28.35 aq:19.05 tex:122732 mv:51902 misc:1038 imb:6058 pmb:1211 smb:891 d:- ref:0 ;
in:36 out:36 type:B dur:2 cpbdur:2 q:28.16 aq:18.58 tex:70844 mv:52455 misc:5749 imb:2168 pmb:3328 smb:2664 d:- ref:0 ;
in:35 out:37 type:b dur:2 cpbdur:2 q:28.07 aq:19.99 tex:20137 mv:21183 misc:6760 imb:369 pmb:2298 smb:5493 d:- ref:0 ;
in:37 out:38 type:b dur:2 cpbdur:2 q:28.25 aq:20.28 tex:19096 mv:22444 misc:6500 imb:525 pmb:2152 smb:5483 d:- ref:0 ;
in:42 out:39 type:P dur:2 cpbdur:2 q:28.18 aq:17.65 tex:101383 mv:46186 misc:1159 imb:6307 pmb:929 smb:924 d:- ref:0 ;
in:40 out:40 type:B dur:2 cpbdur:2 q:28.26 aq:18.53 tex:65417 mv:51286 misc:5497 imb:2302 pmb:3373 smb:2485 d:- ref:0 ;
in:39 out:41 type:b dur:2 cpbdur:2 q:28.31 aq:20.27 tex:16832 mv:20421 misc:6451 imb:482 pmb:2053 smb:5625 d:- ref:0 ;
in:41 out:42 type:b dur:2 cpbdur:2 q:28.22 aq:19.17 tex:16432 mv:19758 misc:6442 imb:414 pmb:2144 smb:5602 d:- ref:0 ;
in:46 out:43 type:P dur:2 cpbdur:2 q:28.32 aq:17.45 tex:83336 mv:39319 misc:1209 imb:6518 pmb:706 smb:936 d:- ref:0 ;
in:44 out:44 type:B dur:2 cpbdur:2 q:28.25 aq:17.53 tex:63098 mv:49468 misc:5098 imb:2461 pmb:3332 smb:2367 d:- ref:0 ;
in:43 out:45 type:b dur:2 cpbdur:2 q:28.22 aq:19.02 tex:19677 mv:23688 misc:6699 imb:542 pmb:2457 smb:5161 d:- ref:0 ;
in:45 out:46 type:b dur:2 cpbdur:2 q:28.29 aq:18.90 tex:23820 mv:27975 misc:6525 imb:890 pmb:2701 smb:4569 d:- ref:0 ;
in:49 out:47 type:P dur:2 cpbdur:2 q:27.87 aq:14.11 tex:43524 mv:22248 misc:1988 imb:6218 pmb:313 smb:1629 d:- ref:0 ;
in:47 out:48 type:B dur:2 cpbdur:2 q:28.17 aq:17.16 tex:57643 mv:36795 misc:5282 imb:1882 pmb:3138 smb:3140 d:- ref:0 ;
in:48 out:49 type:b dur:2 cpbdur:2 q:28.02 aq:17.89 tex:29935 mv:24789 misc:4964 imb:998 pmb:2236 smb:4926 d:- ref:0 ;
in:50 out:50 type:P dur:2 cpbdur:2 q:28.18 aq:14.26 tex:7217 mv:5577 misc:2166 imb:2158 pmb:129 smb:5873 d:- ref:0 ;
in:51 out:51 type:I dur:2 cpbdur:2 q:25.52 aq:13.31 tex:241894 mv:90937 misc:377 imb:8160 pmb:0 smb:0 d:- ref:;
in:53 out:52 type:P dur:2 cpbdur:2 q:28.78 aq:16.93 tex:121963 mv:14033 misc:5628 imb:893 pmb:1111 smb:6156 d:- ref:0 ;
in:52 out:53 type:b dur:2 cpbdur:2 q:28.78 aq:19.34 tex:15303 mv:8659 misc:6038 imb:157 pmb:1712 smb:6291 d:- ref:0 ;
in:55 out:54 type:P dur:2 cpbdur:2 q:29.21 aq:18.90 tex:74151 mv:25986 misc:7031 imb:1477 pmb:2913 smb:3770 d:- ref:0 ;
in:54 out:55 type:b dur:2 cpbdur:2 q:28.99 aq:19.78 tex:12741 mv:7913 misc:5922 imb:140 pmb:1593 smb:6427 d:- ref:0 ;
in:57 out:56 type:P dur:2 cpbdur:2 q:29.31 aq:19.21 tex:49087 mv:17712 misc:7177 imb:973 pmb:2048 smb:5139 d:- ref:0 ;
in:56 out:57 type:b dur:2 cpbdur:2 q:29.26 aq:19.88 tex:8928 mv:5386 misc:5126 imb:106 pmb:1170 smb:6884 d:- ref:0 ;
in:61 out:58 type:P dur:2 cpbdur:2 q:29.33 aq:19.30 tex:53941 mv:19980 misc:7359 imb:1417 pmb:2192 smb:4551 d:- ref:0 ;
in:59 out:59 type:B dur:2 cpbdur:2 q:29.32 aq:19.42 tex:14676 mv:10179 misc:6265 imb:203 pmb:1743 smb:6214 d:- ref:0 ;
in:58 out:60 type:b dur:2 cpbdur:2 q:29.31 aq:20.29 tex:9661 mv:5168 misc:5203 imb:135 pmb:1228 smb:6797 d:- ref:0 ;
in:60 out:61 type:b dur:2 cpbdur:2 q:29.32 aq:19.94 tex:12061 mv:6206 misc:5821 imb:156 pmb:1522 smb:6482 d:- ref:0 ;
in:65 out:62 type:P dur:2 cpbdur:2 q:29.48 aq:18.74 tex:56501 mv:24051 misc:7200 imb:1724 pmb:2338 smb:4098 d:- ref:0 ;
in:63 out:63 type:B dur:2 cpbdur:2 q:29.40 aq:18.73 tex:19370 mv:12573 misc:6817 imb:216 pmb:2316 smb:5628 d:- ref:0 ;
in:62 out:64 type:b dur:2 cpbdur:2 q:29.36 aq:19.57 tex:8834 mv:4746 misc:5036 imb:118 pmb:1176 smb:6866 d:- ref:0 ;
in:64 out:65 type:b dur:2 cpbdur:2 q:29.44 aq:19.28 tex:5285 mv:3550 misc:3981 imb:62 pmb:771 smb:7327 d:- ref:0 ;
in:69 out:66 type:P dur:2 cpbdur:2 q:29.74 aq:19.03 tex:40753 mv:19291 misc:7292 imb:1230 pmb:2039 smb:4891 d:- ref:0 ;
in:67 out:67 type:B dur:2 cpbdur:2 q:29.61 aq:18.90 tex:17708 mv:11862 misc:6630 imb:196 pmb:2059 smb:5905 d:- ref:0 ;
in:66 out:68 type:b dur:2 cpbdur:2 q:29.54 aq:19.75 tex:6647 mv:4645 misc:4460 imb:81 pmb:944 smb:7135 d:- ref:0 ;
in:68 out:69 type:b dur:2 cpbdur:2 q:29.67 aq:20.44 tex:6959 mv:5149 misc:4596 imb:80 pmb:1005 smb:7075 d:- ref:0 ;
in:71 out:70 type:P dur:2 cpbdur:2 q:29.36 aq:19.19 tex:44835 mv:19870 misc:7415 imb:1149 pmb:2250 smb:4761 d:- ref:0 ;
in:70 out:71 type:b dur:2 cpbdur:2 q:29.55 aq:20.02 tex:7748 mv:5198 misc:4838 imb:89 pmb:1103 smb:6968 d:- ref:0 ;
in:73 out:72 type:P dur:2 cpbdur:2 q:29.09 aq:18.11 tex:42710 mv:19787 misc:7271 imb:982 pmb:2161 smb:5017 d:- ref:0 ;
in:72 out:73 type:b dur:2 cpbdur:2 q:29.22 aq:20.29 tex:7246 mv:6159 misc:4875 imb:86 pmb:1128 smb:6946 d:- ref:0 ;
in:75 out:74 type:P dur:2 cpbdur:2 q:28.81 aq:17.64 tex:47052 mv:21412 misc:7184 imb:1129 pmb:2197 smb:4834 d:- ref:0 ;
in:74 out:75 type:b dur:2 cpbdur:2 q:28.95 aq:19.60 tex:6874 mv:5197 misc:4721 imb:78 pmb:1031 smb:7051 d:- ref:0 ;
in:79 out:76 type:P dur:2 cpbdur:2 q:28.47 aq:17.44 tex:58092 mv:24449 misc:7227 imb:1555 pmb:2383 smb:4222 d:- ref:0 ;
in:77 out:77 type:B dur:2 cpbdur:2 q:28.64 aq:19.09 tex:24860 mv:15958 misc:7174 imb:237 pmb:2664 smb:5259 d:- ref:0 ;
in:76 out:78 type:b dur:2 cpbdur:2 q:28.72 aq:19.43 tex:8665 mv:5212 misc:4987 imb:97 pmb:1136 smb:6927 d:- ref:0 ;
in:78 out:79 type:b dur:2 cpbdur:2 q:28.55 aq:19.40 tex:7769 mv:5342 misc:4705 imb:95 pmb:997 smb:7068 d:- ref:0 ;
in:83 out:80 type:P dur:2 cpbdur:2 q:27.95 aq:17.52 tex:74168 mv:31949 misc:6755 imb:2151 pmb:2505 smb:3504 d:- ref:0 ;
in:81 out:81 type:B dur:2 cpbdur:2 q:28.21 aq:18.76 tex:25145 mv:15699 misc:7164 imb:210 pmb:2739 smb:5211 d:- ref:0 ;
in:80 out:82 type:b dur:2 cpbdur:2 q:28.34 aq:19.10 tex:8155 mv:7093 misc:5184 imb:93 pmb:1219 smb:6848 d:- ref:0 ;
in:82 out:83 type:b dur:2 cpbdur:2 q:28.08 aq:18.73 tex:9864 mv:6539 misc:5301 imb:96 pmb:1274 smb:6790 d:- ref:0 ;
in:85 out:84 type:P dur:2 cpbdur:2 q:27.44 aq:17.11 tex:59179 mv:23999 misc:7262 imb:1458 pmb:2424 smb:4278 d:- ref:0 ;
in:84 out:85 type:b dur:2 cpbdur:2 q:27.69 aq:18.72 tex:9344 mv:5125 misc:4971 imb:103 pmb:1136 smb:6921 d:- ref:0 ;
in:89 out:86 type:P dur:2 cpbdur:2 q:27.27 aq:17.59 tex:73955 mv:29614 misc:6695 imb:1861 pmb:2821 smb:3478 d:- ref:0 ;
in:87 out:87 type:B dur:2 cpbdur:2 q:27.35 aq:18.43 tex:33516 mv:15636 misc:7248 imb:209 pmb:3130 smb:4821 d:- ref:0 ;
in:86 out:88 type:b dur:2 cpbdur:2 q:27.40 aq:18.50 tex:11055 mv:5813 misc:5380 imb:91 pmb:1315 smb:6754 d:- ref:0 ;
in:88 out:89 type:b dur:2 cpbdur:2 q:27.31 aq:18.36 tex:10607 mv:5218 misc:5135 imb:102 pmb:1181 smb:6877 d:- ref:0 ;
in:91 out:90 type:P dur:2 cpbdur:2 q:26.97 aq:17.32 tex:51493 mv:23760 misc:7251 imb:1419 pmb:2449 smb:4292 d:- ref:0 ;
in:90 out:91 type:b dur:2 cpbdur:2 q:27.12 aq:18.80 tex:11757 mv:7345 misc:5706 imb:98 pmb:1480 smb:6582 d:- ref:0 ;
in:93 out:92 type:P dur:2 cpbdur:2 q:26.95 aq:18.64 tex:37250 mv:19947 misc:7179 imb:1147 pmb:2088 smb:4925 d:- ref:0 ;
in:92 out:93 type:b dur:2 cpbdur:2 q:26.96 aq:18.45 tex:12641 mv:7632 misc:5679 imb:119 pmb:1455 smb:6586 d:- ref:0 ;
in:95 out:94 type:P dur:2 cpbdur:2 q:26.62 aq:17.15 tex:70004 mv:29300 misc:6672 imb:2317 pmb:2463 smb:3380 d:- ref:0 ;
in:94 out:95 type:b dur:2 cpbdur:2 q:26.78 aq:20.24 tex:21016 mv:7653 misc:6195 imb:145 pmb:1751 smb:6264 d:- ref:0 ;
in:96 out:96 type:I dur:2 cpbdur:2 q:25.11 aq:16.25 tex:1350702 mv:257202 misc:664 imb:8160 pmb:0 smb:0 d:- ref:;
in:100 out:97 type:P dur:2 cpbdur:2 q:28.64 aq:20.92 tex:385973 mv:38395 misc:4320 imb:756 pmb:3340 smb:4064 d:- ref:0 ;
in:98 out:98 type:B dur:2 cpbdur:2 q:28.64 aq:27.41 tex:115856 mv:32010 misc:4070 imb:58 pmb:2421 smb:5681 d:- ref:0 ;
in:97 out:99 type:b dur:2 cpbdur:2 q:28.64 aq:29.36 tex:42097 mv:18174 misc:3585 imb:12 pmb:1382 smb:6766 d:- ref:0 ;
in:99 out:100 type:b dur:2 cpbdur:2 q:28.64 aq:29.13 tex:38062 mv:16099 misc:3567 imb:6 pmb:1367 smb:6787 d:- ref:0 ;
in:102 out:101 type:P dur:2 cpbdur:2 q:28.76 aq:21.76 tex:214205 mv:26598 misc:3477 imb:259 pmb:2977 smb:4924 d:- ref:0 ;
in:101 out:102 type:b dur:2 cpbdur:2 q:28.70 aq:29.48 tex:20281 mv:10836 misc:3243 imb:7 pmb:1008 smb:7145 d:- ref:0 ;
in:104 out:103 type:P dur:2 cpbdur:2 q:28.75 aq:23.11 tex:160420 mv:24265 misc:3555 imb:107 pmb:2953 smb:5100 d:- ref:0 ;
in:103 out:104 type:b dur:2 cpbdur:2 q:28.75 aq:29.83 tex:10864 mv:7552 misc:2840 imb:3 pmb:722 smb:7435 d:- ref:0 ;
in:106 out:105 type:P dur:2 cpbdur:2 q:28.69 aq:23.66 tex:189917 mv:25604 misc:3287 imb:167 pmb:2958 smb:5035 d:- ref:0 ;
in:105 out:106 type:b dur:2 cpbdur:2 q:28.72 aq:29.41 tex:14272 mv:9006 misc:2834 imb:2 pmb:769 smb:7389 d:- ref:0 ;
in:108 out:107 type:P dur:2 cpbdur:2 q:28.64 aq:22.89 tex:211014 mv:26789 misc:3149 imb:240 pmb:2885 smb:5035 d:- ref:0 ;
in:107 out:108 type:b dur:2 cpbdur:2 q:28.67 aq:29.28 tex:21994 mv:11281 misc:3061 imb:1 pmb:936 smb:7223 d:- ref:0 ;
in:110 out:109 type:P dur:2 cpbdur:2 q:28.65 aq:23.27 tex:237743 mv:27631 misc:3050 imb:295 pmb:2908 smb:4957 d:- ref:0 ;
in:109 out:110 type:b dur:2 cpbdur:2 q:28.65 aq:29.20 tex:25478 mv:12865 misc:3377 imb:3 pmb:1090 smb:7067 d:- ref:0 ;
in:112 out:111 type:P dur:2 cpbdur:2 q:29.84 aq:24.13 tex:184734 mv:26236 misc:3270 imb:221 pmb:2821 smb:5118 d:- ref:0 ;
in:111 out:112 type:b dur:2 cpbdur:2 q:29.25 aq:30.02 tex:21915 mv:11680 misc:3365 imb:3 pmb:1016 smb:7141 d:- ref:0 ;
in:114 out:113 type:P dur:2 cpbdur:2 q:30.55 aq:26.07 tex:135732 mv:23957 misc:3503 imb:165 pmb:2666 smb:5329 d:- ref:0 ;
in:113 out:114 type:b dur:2 cpbdur:2 q:30.20 aq:30.86 tex:15097 mv:9549 misc:3050 imb:7 pmb:839 smb:7314 d:- ref:0 ;
in:116 out:115 type:P dur:2 cpbdur:2 q:30.56 aq:26.35 tex:165392 mv:25779 misc:3125 imb:276 pmb:2625 smb:5259 d:- ref:0 ;
in:115 out:116 type:b dur:2 cpbdur:2 q:30.55 aq:31.36 tex:19681 mv:11186 misc:3261 imb:7 pmb:999 smb:7154 d:- ref:0 ;
in:118 out:117 type:P dur:2 cpbdur:2 q:30.79 aq:26.16 tex:186468 mv:27682 misc:3194 imb:359 pmb:2617 smb:5184 d:- ref:0 ;
in:117 out:118 type:b dur:2 cpbdur:2 q:30.67 aq:31.65 tex:26869 mv:13359 misc:3412 imb:8 pmb:1169 smb:6983 d:- ref:0 ;
in:120 out:119 type:P dur:2 cpbdur:2 q:30.95 aq:26.51 tex:170720 mv:26807 misc:3001 imb:331 pmb:2656 smb:5173 d:- ref:0 ;
in:119 out:120 type:b dur:2 cpbdur:2 q:30.87 aq:31.71 tex:20313 mv:11918 misc:3369 imb:10 pmb:1096 smb:7054 d:- ref:0 ;
in:122 out:121 type:P dur:2 cpbdur:2 q:31.13 aq:26.94 tex:129402 mv:23683 misc:3227 imb:219 pmb:2613 smb:5328 d:- ref:0 ;
in:121 out:122 type:b dur:2 cpbdur:2 q:31.04 aq:31.60 tex:10959 mv:6918 misc:2763 imb:2 pmb:713 smb:7445 d:- ref:0 ;
in:124 out:123 type:P dur:2 cpbdur:2 q:31.34 aq:28.23 tex:109234 mv:22687 misc:3335 imb:148 pmb:2631 smb:5381 d:- ref:0 ;
in:123 out:124 type:b dur:2 cpbdur:2 q:31.24 aq:31.96 tex:8519 mv:6424 misc:2625 imb:1 pmb:646 smb:7513 d:- ref:0 ;
in:126 out:125 type:P dur:2 cpbdur:2 q:31.57 aq:29.06 tex:110239 mv:23815 misc:3306 imb:189 pmb:2551 smb:5420 d:- ref:0 ;
in:125 out:126 type:b dur:2 cpbdur:2 q:31.46 aq:32.24 tex:11651 mv:8046 misc:2791 imb:3 pmb:742 smb:7415 d:- ref:0 ;
in:128 out:127 type:P dur:2 cpbdur:2 q:31.75 aq:29.53 tex:126863 mv:25348 misc:3333 imb:282 pmb:2595 smb:5283 d:- ref:0 ;
in:127 out:128 type:b dur:2 cpbdur:2 q:31.66 aq:32.41 tex:16370 mv:10156 misc:3170 imb:5 pmb:916 smb:7239 d:- ref:0 ;
in:130 out:129 type:P dur:2 cpbdur:2 q:31.84 aq:31.99 tex:92281 mv:23536 misc:3567 imb:282 pmb:2296 smb:5582 d:- ref:0 ;
in:129 out:130 type:b dur:2 cpbdur:2 q:31.80 aq:32.66 tex:18502 mv:10317 misc:3317 imb:4 pmb:988 smb:7168 d:- ref:0 ;
in:131 out:131 type:I dur:2 cpbdur:2 q:27.23 aq:17.86 tex:269770 mv:115056 misc:406 imb:8160 pmb:0 smb:0 d:- ref:;
in:134 out:132 type:P dur:2 cpbdur:2 q:32.34 aq:25.04 tex:71972 mv:35192 misc:4668 imb:2240 pmb:1846 smb:4074 d:- ref:0 ;
in:132 out:133 type:B dur:2 cpbdur:2 q:32.34 aq:27.00 tex:17660 mv:18474 misc:4730 imb:246 pmb:1716 smb:6198 d:- ref:0 ;
in:133 out:134 type:b dur:2 cpbdur:2 q:32.34 aq:28.47 tex:11946 mv:15040 misc:4238 imb:144 pmb:1476 smb:6540 d:- ref:0 ;
in:136 out:135 type:P dur:2 cpbdur:2 q:32.35 aq:24.57 tex:64806 mv:33752 misc:4946 imb:2159 pmb:1882 smb:4119 d:- ref:0 ;
in:135 out:136 type:b dur:2 cpbdur:2 q:32.35 aq:29.07 tex:11423 mv:14586 misc:4487 imb:132 pmb:1508 smb:6520 d:- ref:0 ;
in:138 out:137 type:P dur:2 cpbdur:2 q:32.35 aq:24.60 tex:59473 mv:31183 misc:5088 imb:1872 pmb:1739 smb:4549 d:- ref:0 ;
in:137 out:138 type:b dur:2 cpbdur:2 q:32.35 aq:28.89 tex:10300 mv:13799 misc:3805 imb:101 pmb:1316 smb:6743 d:- ref:0 ;
in:140 out:139 type:P dur:2 cpbdur:2 q:32.30 aq:25.79 tex:49406 mv:29442 misc:5528 imb:1445 pmb:1776 smb:4939 d:- ref:0 ;
in:139 out:140 type:b dur:2 cpbdur:2 q:32.33 aq:28.37 tex:11020 mv:14105 misc:3835 imb:147 pmb:1269 smb:6744 d:- ref:0 ;
in:143 out:141 type:P dur:2 cpbdur:2 q:32.28 aq:21.85 tex:169698 mv:49377 misc:869 imb:6855 pmb:521 smb:784 d:- ref:0 ;
in:141 out:142 type:B dur:2 cpbdur:2 q:32.29 aq:24.05 tex:71479 mv:48762 misc:5879 imb:1889 pmb:3610 smb:2661 d:- ref:0 ;
in:142 out:143 type:b dur:2 cpbdur:2 q:32.28 aq:27.42 tex:24556 mv:21123 misc:5009 imb:458 pmb:1686 smb:6016 d:- ref:0 ;
in:145 out:144 type:P dur:2 cpbdur:2 q:32.41 aq:23.24 tex:16818 mv:14670 misc:5792 imb:415 pmb:1506 smb:6239 d:- ref:0 ;
in:144 out:145 type:b dur:2 cpbdur:2 q:32.34 aq:27.12 tex:918 mv:875 misc:1055 imb:9 pmb:119 smb:8032 d:- ref:0 ;
in:147 out:146 type:P dur:2 cpbdur:2 q:32.51 aq:23.73 tex:22506 mv:20536 misc:6310 imb:627 pmb:1832 smb:5701 d:- ref:0 ;
in:146 out:147 type:b dur:2 cpbdur:2 q:32.46 aq:26.88 tex:997 mv:1178 misc:1217 imb:4 pmb:172 smb:7984 d:- ref:0 ;
in:149 out:148 type:P dur:2 cpbdur:2 q:32.51 aq:24.12 tex:16728 mv:16389 misc:5867 imb:458 pmb:1511 smb:6191 d:- ref:0 ;
in:148 out:149 type:b dur:2 cpbdur:2 q:32.51 aq:26.47 tex:462 mv:831 misc:883 imb:2 pmb:106 smb:8052 d:- ref:0 ;
in:151 out:150 type:P dur:2 cpbdur:2 q:32.48 aq:25.02 tex:20680 mv:19198 misc:6466 imb:687 pmb:1641 smb:5832 d:- ref:0 ;
in:150 out:151 type:b dur:2 cpbdur:2 q:32.49 aq:26.23 tex:1152 mv:2053 misc:1587 imb:19 pmb:236 smb:7905 d:- ref:0 ;
in:153 out:152 type:P dur:2 cpbdur:2 q:32.45 aq:25.10 tex:26838 mv:22307 misc:6423 imb:1248 pmb:1493 smb:5419 d:- ref:0 ;
in:152 out:153 type:b dur:2 cpbdur:2 q:32.46 aq:27.27 tex:2237 mv:3441 misc:2338 imb:46 pmb:406 smb:7708 d:- ref:0 ;
in:157 out:154 type:P dur:2 cpbdur:2 q:32.40 aq:22.75 tex:173724 mv:47579 misc:849 imb:6820 pmb:479 smb:861 d:- ref:0 ;
in:155 out:155 type:B dur:2 cpbdur:2 q:32.42 aq:23.74 tex:14634 mv:12038 misc:5216 imb:385 pmb:1300 smb:6475 d:- ref:0 ;
in:154 out:156 type:b dur:2 cpbdur:2 q:32.44 aq:27.29 tex:11235 mv:13794 misc:4819 imb:304 pmb:1322 smb:6534 d:- ref:0 ;
in:156 out:157 type:b dur:2 cpbdur:2 q:32.41 aq:26.25 tex:3465 mv:2831 misc:2632 imb:24 pmb:458 smb:7678 d:- ref:0 ;
in:159 out:158 type:P dur:2 cpbdur:2 q:32.70 aq:23.07 tex:29773 mv:20256 misc:6635 imb:945 pmb:1783 smb:5432 d:- ref:0 ;
in:158 out:159 type:b dur:2 cpbdur:2 q:32.55 aq:25.34 tex:2363 mv:2617 misc:2212 imb:27 pmb:401 smb:7732 d:- ref:0 ;
in:161 out:160 type:P dur:2 cpbdur:2 q:32.57 aq:22.88 tex:31389 mv:20954 misc:6825 imb:1084 pmb:1814 smb:5262 d:- ref:0 ;
in:160 out:161 type:b dur:2 cpbdur:2 q:32.63 aq:24.53 tex:1810 mv:2234 misc:2084 imb:25 pmb:342 smb:7793 d:- ref:0 ;
in:163 out:162 type:P dur:2 cpbdur:2 q:32.42 aq:22.98 tex:25628 mv:17962 misc:6538 imb:833 pmb:1667 smb:5660 d:- ref:0 ;
in:162 out:163 type:b dur:2 cpbdur:2 q:32.49 aq:23.65 tex:1946 mv:2106 misc:2084 imb:21 pmb:343 smb:7796 d:- ref:0 ;
in:165 out:164 type:P dur:2 cpbdur:2 q:32.25 aq:23.37 tex:26803 mv:17246 misc:6439 imb:823 pmb:1627 smb:5710 d:- ref:0 ;
in:164 out:165 type:b dur:2 cpbdur:2 q:32.34 aq:23.14 tex:2296 mv:2013 misc:2203 imb:41 pmb:316 smb:7803 d:- ref:0 ;
in:167 out:166 type:P dur:2 cpbdur:2 q:32.09 aq:22.50 tex:31936 mv:20545 misc:7167 imb:1091 pmb:1865 smb:5204 d:- ref:0 ;
in:166 out:167 type:b dur:2 cpbdur:2 q:32.17 aq:23.51 tex:2087 mv:1618 misc:1967 imb:30 pmb:271 smb:7859 d:- ref:0 ;
in:169 out:168 type:P dur:2 cpbdur:2 q:31.96 aq:22.51 tex:25637 mv:17671 misc:6844 imb:863 pmb:1627 smb:5670 d:- ref:0 ;
in:168 out:169 type:b dur:2 cpbdur:2 q:32.02 aq:22.93 tex:2192 mv:1508 misc:1980 imb:32 pmb:264 smb:7864 d:- ref:0 ;
in:171 out:170 type:P dur:2 cpbdur:2 q:32.07 aq:23.08 tex:21492 mv:14991 misc:6541 imb:694 pmb:1515 smb:5951 d:- ref:0 ;
in:170 out:171 type:b dur:2 cpbdur:2 q:32.01 aq:22.74 tex:1931 mv:1262 misc:1847 imb:43 pmb:223 smb:7894 d:- ref:0 ;
in:173 out:172 type:P dur:2 cpbdur:2 q:31.92 aq:22.71 tex:19805 mv:14145 misc:6466 imb:702 pmb:1381 smb:6077 d:- ref:0 ;
in:172 out:173 type:b dur:2 cpbdur:2 q:32.00 aq:22.80 tex:1728 mv:1311 misc:1769 imb:30 pmb:221 smb:7909 d:- ref:0 ;
in:175 out:174 type:P dur:2 cpbdur:2 q:31.80 aq:22.71 tex:17537 mv:13447 misc:6216 imb:653 pmb:1304 smb:6203 d:- ref:0 ;
in:174 out:175 type:b dur:2 cpbdur:2 q:31.86 aq:23.33 tex:1995 mv:1528 misc:2005 imb:27 pmb:274 smb:7859 d:- ref:0 ;
in:177 out:176 type:P dur:2 cpbdur:2 q:31.69 aq:23.01 tex:14795 mv:11528 misc:5893 imb:621 pmb:1072 smb:6467 d:- ref:0 ;
in:176 out:177 type:b dur:2 cpbdur:2 q:31.75 aq:24.17 tex:2276 mv:1896 misc:2148 imb:34 pmb:329 smb:7797 d:- ref:0 ;
in:178 out:178 type:P dur:2 cpbdur:2 q:31.56 aq:24.35 tex:5907 mv:6137 misc:3900 imb:237 pmb:617 smb:7306 d:- ref:0 ;
in:179 out:179 type:I dur:2 cpbdur:2 q:29.05 aq:20.15 tex:374048 mv:140225 misc:351 imb:8160 pmb:0 smb:0 d:- ref:;
in:181 out:180 type:P dur:2 cpbdur:2 q:31.93 aq:22.26 tex:15425 mv:7206 misc:5553 imb:323 pmb:1245 smb:6592 d:- ref:0 ;
in:180 out:181 type:b dur:2 cpbdur:2 q:31.93 aq:23.16 tex:1076 mv:548 misc:1216 imb:28 pmb:118 smb:8014 d:- ref:0 ;
in:183 out:182 type:P dur:2 cpbdur:2 q:31.83 aq:22.40 tex:17452 mv:6761 misc:5435 imb:296 pmb:1242 smb:6622 d:- ref:0 ;
in:182 out:183 type:b dur:2 cpbdur:2 q:31.88 aq:23.46 tex:942 mv:374 misc:1068 imb:21 pmb:93 smb:8046 d:- ref:0 ;
in:185 out:184 type:P dur:2 cpbdur:2 q:31.71 aq:23.03 tex:56852 mv:8588 misc:5408 imb:472 pmb:1330 smb:6358 d:- ref:0 ;
in:184 out:185 type:b dur:2 cpbdur:2 q:31.77 aq:23.24 tex:1038 mv:822 misc:1252 imb:32 pmb:138 smb:7990 d:- ref:0 ;
in:187 out:186 type:P dur:2 cpbdur:2 q:31.56 aq:22.35 tex:11118 mv:4105 misc:4169 imb:179 pmb:786 smb:7195 d:- ref:0 ;
in:186 out:187 type:b dur:2 cpbdur:2 q:31.64 aq:23.46 tex:912 mv:573 misc:1083 imb:35 pmb:82 smb:8043 d:- ref:0 ;
in:191 out:188 type:P dur:2 cpbdur:2 q:31.38 aq:21.65 tex:77976 mv:15088 misc:6520 imb:1022 pmb:2106 smb:5032 d:- ref:0 ;
in:189 out:189 type:B dur:2 cpbdur:2 q:31.47 aq:22.30 tex:4400 mv:2380 misc:2948 imb:86 pmb:512 smb:7562 d:- ref:0 ;
in:188 out:190 type:b dur:2 cpbdur:2 q:31.52 aq:24.71 tex:1711 mv:547 misc:1590 imb:22 pmb:203 smb:7935 d:- ref:0 ;
in:190 out:191 type:b dur:2 cpbdur:2 q:31.42 aq:23.49 tex:1931 mv:1081 misc:1700 imb:45 pmb:246 smb:7869 d:- ref:0 ;
in:194 out:192 type:P dur:2 cpbdur:2 q:31.13 aq:22.51 tex:18618 mv:6431 misc:5431 imb:359 pmb:1109 smb:6692 d:- ref:0 ;
in:192 out:193 type:B dur:2 cpbdur:2 q:31.29 aq:22.27 tex:1454 mv:871 misc:1451 imb:35 pmb:159 smb:7966 d:- ref:0 ;
in:193 out:194 type:b dur:2 cpbdur:2 q:31.21 aq:23.10 tex:783 mv:405 misc:932 imb:22 pmb:65 smb:8073 d:- ref:0 ;
in:196 out:195 type:P dur:2 cpbdur:2 q:31.04 aq:22.20 tex:11099 mv:4836 misc:4585 imb:273 pmb:750 smb:7137 d:- ref:0 ;
in:195 out:196 type:b dur:2 cpbdur:2 q:31.08 aq:21.03 tex:911 mv:438 misc:1003 imb:24 pmb:81 smb:8055 d:- ref:0 ;
in:198 out:197 type:P dur:2 cpbdur:2 q:30.85 aq:21.36 tex:10006 mv:4733 misc:4205 imb:255 pmb:675 smb:7230 d:- ref:0 ;
in:197 out:198 type:b dur:2 cpbdur:2 q:30.94 aq:22.43 tex:1052 mv:567 misc:1069 imb:27 pmb:90 smb:8043 d:- ref:0 ;
in:200 out:199 type:P dur:2 cpbdur:2 q:30.71 aq:21.58 tex:6343 mv:3116 misc:3277 imb:197 pmb:425 smb:7538 d:- ref:0 ;
in:199 out:200 type:b dur:2 cpbdur:2 q:30.78 aq:22.85 tex:1022 mv:581 misc:1101 imb:32 pmb:89 smb:8039 d:- ref:0 ;
in:202 out:201 type:P dur:2 cpbdur:2 q:30.52 aq:21.55 tex:4896 mv:2000 misc:2496 imb:188 pmb:252 smb:7720 d:- ref:0 ;
in:201 out:202 type:b dur:2 cpbdur:2 q:30.61 aq:22.68 tex:1029 mv:535 misc:1108 imb:28 pmb:94 smb:8038 d:- ref:0 ;
in:203 out:203 type:I dur:2 cpbdur:2 q:28.50 aq:19.06 tex:655056 mv:170069 misc:395 imb:8160 pmb:0 smb:0 d:- ref:;
in:206 out:204 type:P dur:2 cpbdur:2 q:31.05 aq:21.31 tex:72153 mv:15835 misc:4732 imb:440 pmb:1633 smb:6087 d:- ref:0 ;
in:204 out:205 type:B dur:2 cpbdur:2 q:31.05 aq:28.20 tex:10893 mv:7410 misc:1705 imb:73 pmb:512 smb:7575 d:- ref:0 ;
in:205 out:206 type:b dur:2 cpbdur:2 q:31.05 aq:28.18 tex:5649 mv:5323 misc:1452 imb:27 pmb:390 smb:7743 d:- ref:0 ;
in:210 out:207 type:P dur:2 cpbdur:2 q:30.81 aq:22.54 tex:100072 mv:21745 misc:5183 imb:402 pmb:2547 smb:5211 d:- ref:0 ;
in:208 out:208 type:B dur:2 cpbdur:2 q:30.93 aq:26.48 tex:10864 mv:9135 misc:2665 imb:46 pmb:723 smb:7391 d:- ref:0 ;
in:207 out:209 type:b dur:2 cpbdur:2 q:30.99 aq:27.97 tex:3347 mv:4566 misc:1543 imb:14 pmb:380 smb:7766 d:- ref:0 ;
in:209 out:210 type:b dur:2 cpbdur:2 q:30.87 aq:26.83 tex:2001 mv:3852 misc:1363 imb:19 pmb:290 smb:7851 d:- ref:0 ;
in:212 out:211 type:P dur:2 cpbdur:2 q:30.52 aq:22.82 tex:70360 mv:17385 misc:5255 imb:206 pmb:2535 smb:5419 d:- ref:0 ;
in:211 out:212 type:b dur:2 cpbdur:2 q:30.66 aq:25.84 tex:1419 mv:2678 misc:1215 imb:8 pmb:238 smb:7914 d:- ref:0 ;
in:214 out:213 type:P dur:2 cpbdur:2 q:30.39 aq:22.41 tex:67192 mv:17661 misc:5435 imb:205 pmb:2668 smb:5287 d:- ref:0 ;
in:213 out:214 type:b dur:2 cpbdur:2 q:30.45 aq:27.55 tex:1654 mv:1962 misc:1320 imb:7 pmb:221 smb:7932 d:- ref:0 ;
in:218 out:215 type:P dur:2 cpbdur:2 q:30.25 aq:21.66 tex:96563 mv:23008 misc:5781 imb:388 pmb:3135 smb:4637 d:- ref:0 ;
in:216 out:216 type:B dur:2 cpbdur:2 q:30.32 aq:26.08 tex:9186 mv:7475 misc:3491 imb:22 pmb:880 smb:7258 d:- ref:0 ;
in:215 out:217 type:b dur:2 cpbdur:2 q:30.35 aq:26.60 tex:1187 mv:2041 misc:1324 imb:3 pmb:212 smb:7945 d:- ref:0 ;
in:217 out:218 type:b dur:2 cpbdur:2 q:30.28 aq:24.20 tex:1048 mv:1437 misc:1115 imb:6 pmb:149 smb:8005 d:- ref:0 ;
in:220 out:219 type:P dur:2 cpbdur:2 q:30.33 aq:23.51 tex:41501 mv:12146 misc:5137 imb:148 pmb:1896 smb:6116 d:- ref:0 ;
in:219 out:220 type:b dur:2 cpbdur:2 q:30.29 aq:25.93 tex:791 mv:1761 misc:1160 imb:9 pmb:167 smb:7984 d:- ref:0 ;
in:222 out:221 type:P dur:2 cpbdur:2 q:30.19 aq:23.02 tex:48628 mv:12988 misc:5072 imb:210 pmb:1878 smb:6072 d:- ref:0 ;
in:221 out:222 type:b dur:2 cpbdur:2 q:30.26 aq:25.93 tex:1318 mv:2916 misc:1574 imb:13 pmb:284 smb:7863 d:- ref:0 ;
in:224 out:223 type:P dur:2 cpbdur:2 q:30.16 aq:24.56 tex:38125 mv:12105 misc:4154 imb:209 pmb:1456 smb:6495 d:- ref:0 ;
in:223 out:224 type:b dur:2 cpbdur:2 q:30.18 aq:25.92 tex:2918 mv:3902 misc:1716 imb:24 pmb:332 smb:7804 d:- ref:0 ;
in:226 out:225 type:P dur:2 cpbdur:2 q:30.00 aq:26.87 tex:26005 mv:9938 misc:3721 imb:207 pmb:1107 smb:6846 d:- ref:0 ;
in:225 out:226 type:b dur:2 cpbdur:2 q:30.08 aq:27.09 tex:4564 mv:4621 misc:1991 imb:22 pmb:461 smb:7677 d:- ref:0 ;
in:227 out:227 type:I dur:2 cpbdur:2 q:27.80 aq:21.78 tex:847042 mv:213697 misc:325 imb:8160 pmb:0 smb:0 d:- ref:;
in:230 out:228 type:P dur:2 cpbdur:2 q:30.63 aq:25.25 tex:210896 mv:43621 misc:4971 imb:469 pmb:4025 smb:3666 d:- ref:0 ;
in:228 out:229 type:B dur:2 cpbdur:2 q:30.63 aq:29.94 tex:31193 mv:26057 misc:5430 imb:34 pmb:2298 smb:5828 d:- ref:0 ;
in:229 out:230 type:b dur:2 cpbdur:2 q:30.63 aq:30.96 tex:13285 mv:19323 misc:4632 imb:28 pmb:1531 smb:6601 d:- ref:0 ;
in:232 out:231 type:P dur:2 cpbdur:2 q:30.69 aq:25.54 tex:177590 mv:38939 misc:5039 imb:474 pmb:3748 smb:3938 d:- ref:0 ;
in:231 out:232 type:b dur:2 cpbdur:2 q:30.66 aq:31.07 tex:14700 mv:20163 misc:4817 imb:16 pmb:1687 smb:6457 d:- ref:0 ;
in:234 out:233 type:P dur:2 cpbdur:2 q:30.63 aq:26.58 tex:173006 mv:37922 misc:4872 imb:535 pmb:3508 smb:4117 d:- ref:0 ;
in:233 out:234 type:b dur:2 cpbdur:2 q:30.66 aq:30.28 tex:14484 mv:20071 misc:4773 imb:18 pmb:1715 smb:6427 d:- ref:0 ;
in:237 out:235 type:P dur:2 cpbdur:2 q:30.62 aq:25.17 tex:302678 mv:58245 misc:2709 imb:2893 pmb:4069 smb:1198 d:- ref:0 ;
in:235 out:236 type:B dur:2 cpbdur:2 q:30.62 aq:26.96 tex:99708 mv:42817 misc:6123 imb:302 pmb:4057 smb:3801 d:- ref:0 ;
in:236 out:237 type:b dur:2 cpbdur:2 q:30.62 aq:29.05 tex:16855 mv:19284 misc:4845 imb:28 pmb:1752 smb:6380 d:- ref:0 ;
in:239 out:238 type:P dur:2 cpbdur:2 q:30.69 aq:27.81 tex:103376 mv:33993 misc:5207 imb:531 pmb:3181 smb:4448 d:- ref:0 ;
in:238 out:239 type:b dur:2 cpbdur:2 q:30.65 aq:29.62 tex:21755 mv:20319 misc:4926 imb:48 pmb:1946 smb:6166 d:- ref:0 ;
in:240 out:240 type:i dur:2 cpbdur:2 q:27.77 aq:20.17 tex:320437 mv:138085 misc:470 imb:8160 pmb:0 smb:0 d:- ref:;
in:243 out:241 type:P dur:2 cpbdur:2 q:30.79 aq:24.58 tex:213871 mv:47816 misc:2553 imb:2976 pmb:1825 smb:3359 d:- ref:0 ;
in:241 out:242 type:B dur:2 cpbdur:2 q:30.79 aq:27.04 tex:77311 mv:44202 misc:4183 imb:865 pmb:2501 smb:4794 d:- ref:0 ;
in:242 out:243 type:b dur:2 cpbdur:2 q:30.79 aq:28.49 tex:49601 mv:40612 misc:4499 imb:567 pmb:2494 smb:5099 d:- ref:0 ;
in:245 out:244 type:P dur:2 cpbdur:2 q:31.36 aq:26.62 tex:157735 mv:47663 misc:3114 imb:2647 pmb:2080 smb:3433 d:- ref:0 ;
in:244 out:245 type:b dur:2 cpbdur:2 q:31.08 aq:28.11 tex:54662 mv:42745 misc:4521 imb:691 pmb:2600 smb:4869 d:- ref:0 ;
in:247 out:246 type:P dur:2 cpbdur:2 q:31.44 aq:26.01 tex:155501 mv:48305 misc:2786 imb:2679 pmb:1977 smb:3504 d:- ref:0 ;
in:246 out:247 type:b dur:2 cpbdur:2 q:31.40 aq:28.63 tex:51805 mv:45192 misc:4459 imb:733 pmb:2660 smb:4767 d:- ref:0 ;
in:249 out:248 type:P dur:2 cpbdur:2 q:31.54 aq:27.60 tex:147925 mv:49975 misc:2540 imb:2698 pmb:2045 smb:3417 d:- ref:0 ;
in:248 out:249 type:b dur:2 cpbdur:2 q:31.49 aq:29.19 tex:46675 mv:41638 misc:4919 imb:628 pmb:2621 smb:4911 d:- ref:0 ;
in:250 out:250 type:P dur:2 cpbdur:2 q:31.77 aq:27.31 tex:75255 mv:38660 misc:4541 imb:1643 pmb:2097 smb:4420 d:- ref:0 ;
in:251 out:251 type:I dur:2 cpbdur:2 q:28.01 aq:18.21 tex:475495 mv:184446 misc:611 imb:8160 pmb:0 smb:0 d:- ref:;
in:253 out:252 type:P dur:2 cpbdur:2 q:32.18 aq:27.11 tex:44572 mv:13414 misc:4758 imb:101 pmb:1492 smb:6567 d:- ref:0 ;
in:252 out:253 type:b dur:2 cpbdur:2 q:32.18 aq:33.18 tex:2930 mv:4133 misc:1729 imb:1 pmb:376 smb:7783 d:- ref:0 ;
in:255 out:254 type:P dur:2 cpbdur:2 q:32.21 aq:27.57 tex:40041 mv:12684 misc:4299 imb:118 pmb:1395 smb:6647 d:- ref:0 ;
in:254 out:255 type:b dur:2 cpbdur:2 q:32.20 aq:33.20 tex:3599 mv:4447 misc:1786 imb:2 pmb:399 smb:7759 d:- ref:0 ;
in:257 out:256 type:P dur:2 cpbdur:2 q:32.50 aq:27.90 tex:39681 mv:12813 misc:4458 imb:153 pmb:1448 smb:6559 d:- ref:0 ;
in:256 out:257 type:b dur:2 cpbdur:2 q:32.35 aq:33.86 tex:3011 mv:4011 misc:1778 imb:1 pmb:376 smb:7783 d:- ref:0 ;
in:259 out:258 type:P dur:2 cpbdur:2 q:32.55 aq:28.28 tex:39038 mv:13977 misc:4593 imb:140 pmb:1520 smb:6500 d:- ref:0 ;
in:258 out:259 type:b dur:2 cpbdur:2 q:32.53 aq:33.06 tex:3329 mv:4294 misc:1801 imb:1 pmb:375 smb:7784 d:- ref:0 ;
in:261 out:260 type:P dur:2 cpbdur:2 q:32.69 aq:28.40 tex:37984 mv:14372 misc:5356 imb:191 pmb:1703 smb:6266 d:- ref:0 ;
in:260 out:261 type:b dur:2 cpbdur:2 q:32.62 aq:33.17 tex:3518 mv:4775 misc:1939 imb:7 pmb:418 smb:7735 d:- ref:0 ;
in:265 out:262 type:P dur:2 cpbdur:2 q:32.82 aq:19.52 tex:163128 mv:37786 misc:862 imb:6999 pmb:338 smb:823 d:- ref:0 ;
in:263 out:263 type:B dur:2 cpbdur:2 q:32.76 aq:30.16 tex:30999 mv:13081 misc:5104 imb:91 pmb:1646 smb:6423 d:- ref:0 ;
in:262 out:264 type:b dur:2 cpbdur:2 q:32.72 aq:33.12 tex:4272 mv:4896 misc:2040 imb:2 pmb:451 smb:7707 d:- ref:0 ;
in:264 out:265 type:b dur:2 cpbdur:2 q:32.79 aq:27.93 tex:1247 mv:1287 misc:1394 imb:6 pmb:302 smb:7852 d:- ref:0 ;
in:267 out:266 type:P dur:2 cpbdur:2 q:33.25 aq:25.32 tex:7967 mv:5112 misc:3393 imb:79 pmb:693 smb:7388 d:- ref:0 ;
in:266 out:267 type:b dur:2 cpbdur:2 q:33.03 aq:24.43 tex:128 mv:140 misc:548 imb:0 pmb:21 smb:8139 d:- ref:0 ;
in:269 out:268 type:P dur:2 cpbdur:2 q:33.14 aq:23.29 tex:9224 mv:6884 misc:4116 imb:156 pmb:827 smb:7177 d:- ref:0 ;
in:268 out:269 type:b dur:2 cpbdur:2 q:33.19 aq:22.92 tex:130 mv:64 misc:494 imb:1 pmb:11 smb:8148 d:- ref:0 ;
in:271 out:270 type:P dur:2 cpbdur:2 q:33.04 aq:24.15 tex:7899 mv:5564 misc:3921 imb:129 pmb:764 smb:7267 d:- ref:0 ;
in:270 out:271 type:b dur:2 cpbdur:2 q:33.09 aq:21.82 tex:130 mv:100 misc:522 imb:2 pmb:15 smb:8143 d:- ref:0 ;
in:273 out:272 type:P dur:2 cpbdur:2 q:32.94 aq:24.79 tex:4664 mv:2844 misc:2708 imb:87 pmb:422 smb:7651 d:- ref:0 ;
in:272 out:273 type:b dur:2 cpbdur:2 q:32.99 aq:22.49 tex:190 mv:76 misc:542 imb:1 pmb:19 smb:8140 d:- ref:0 ;
in:274 out:274 type:P dur:2 cpbdur:2 q:32.82 aq:22.97 tex:44145 mv:31733 misc:4434 imb:4451 pmb:1896 smb:1813 d:- ref:0 w:6,75,1,6,75,-23,69,-10 ;
in:275 out:275 type:P dur:2 cpbdur:2 q:32.80 aq:24.25 tex:146009 mv:37150 misc:737 imb:7120 pmb:278 smb:762 d:- ref:0 ;
in:276 out:276 type:I dur:2 cpbdur:2 q:29.35 aq:21.80 tex:268857 mv:110859 misc:356 imb:8160 pmb:0 smb:0 d:- ref:;
in:280 out:277 type:P dur:2 cpbdur:2 q:33.00 aq:26.12 tex:122890 mv:46213 misc:3873 imb:3545 pmb:1907 smb:2708 d:- ref:0 ;
in:278 out:278 type:B dur:2 cpbdur:2 q:33.00 aq:26.13 tex:49664 mv:44022 misc:5906 imb:1159 pmb:2977 smb:4024 d:- ref:0 ;
in:277 out:279 type:b dur:2 cpbdur:2 q:33.00 aq:27.52 tex:19325 mv:25193 misc:5418 imb:474 pmb:2154 smb:5532 d:- ref:0 ;
in:279 out:280 type:b dur:2 cpbdur:2 q:33.00 aq:26.98 tex:23513 mv:27878 misc:6209 imb:470 pmb:2556 smb:5134 d:- ref:0 ;
in:282 out:281 type:P dur:2 cpbdur:2 q:32.75 aq:26.47 tex:99869 mv:45019 misc:4392 imb:2639 pmb:2263 smb:3258 d:- ref:0 ;
in:281 out:282 type:b dur:2 cpbdur:2 q:32.87 aq:29.70 tex:22699 mv:29752 misc:5509 imb:513 pmb:2297 smb:5350 d:- ref:0 ;
in:285 out:283 type:P dur:2 cpbdur:2 q:32.66 aq:25.59 tex:141238 mv:55847 misc:3331 imb:4155 pmb:2367 smb:1638 d:- ref:0 ;
in:283 out:284 type:B dur:2 cpbdur:2 q:32.72 aq:26.07 tex:53160 mv:43453 misc:6403 imb:1173 pmb:3316 smb:3671 d:- ref:0 ;
in:284 out:285 type:b dur:2 cpbdur:2 q:32.69 aq:28.01 tex:21773 mv:27989 misc:5558 imb:502 pmb:2139 smb:5519 d:- ref:0 ;
in:287 out:286 type:P dur:2 cpbdur:2 q:32.52 aq:25.38 tex:100032 mv:50431 misc:5025 imb:2653 pmb:2583 smb:2924 d:- ref:0 ;
in:286 out:287 type:b dur:2 cpbdur:2 q:32.59 aq:28.32 tex:22961 mv:29527 misc:5696 imb:367 pmb:2452 smb:5341 d:- ref:0 ;
in:288 out:288 type:P dur:2 cpbdur:2 q:32.43 aq:26.13 tex:40699 mv:30819 misc:6546 imb:1293 pmb:2053 smb:4814 d:- ref:0 ;
in:289 out:289 type:i dur:2 cpbdur:2 q:29.57 aq:21.99 tex:642808 mv:233426 misc:366 imb:8160 pmb:0 smb:0 d:- ref:;
in:291 out:290 type:P dur:2 cpbdur:2 q:33.04 aq:28.26 tex:50313 mv:23205 misc:5762 imb:105 pmb:2742 smb:5313 d:- ref:0 ;
in:290 out:291 type:b dur:2 cpbdur:2 q:33.04 aq:33.54 tex:4286 mv:6788 misc:2470 imb:26 pmb:561 smb:7573 d:- ref:0 ;
in:293 out:292 type:P dur:2 cpbdur:2 q:33.26 aq:29.81 tex:58731 mv:24582 misc:5271 imb:173 pmb:2681 smb:5306 d:- ref:0 ;
in:292 out:293 type:b dur:2 cpbdur:2 q:33.15 aq:33.71 tex:4456 mv:7382 misc:2666 imb:23 pmb:644 smb:7493 d:- ref:0 ;
in:295 out:294 type:P dur:2 cpbdur:2 q:33.33 aq:30.44 tex:58156 mv:25428 misc:5416 imb:195 pmb:2765 smb:5200 d:- ref:0 ;
in:294 out:295 type:b dur:2 cpbdur:2 q:33.30 aq:34.26 tex:5147 mv:7755 misc:2802 imb:28 pmb:682 smb:7450 d:- ref:0 ;
in:297 out:296 type:P dur:2 cpbdur:2 q:33.42 aq:31.40 tex:49325 mv:23947 misc:5200 imb:183 pmb:2582 smb:5395 d:- ref:0 ;
in:296 out:297 type:b dur:2 cpbdur:2 q:33.38 aq:33.59 tex:4559 mv:7025 misc:2648 imb:18 pmb:633 smb:7509 d:- ref:0 ;
in:299 out:298 type:P dur:2 cpbdur:2 q:33.55 aq:33.66 tex:33904 mv:20134 misc:5242 imb:185 pmb:2050 smb:5925 d:- ref:0 ;
in:298 out:299 type:b dur:2 cpbdur:2 q:33.49 aq:33.90 tex:6611 mv:7719 misc:2918 imb:25 pmb:729 smb:7406 d:- ref:0 ;
in:300 out:300 type:I dur:2 cpbdur:2 q:29.90 aq:19.91 tex:341953 mv:149006 misc:537 imb:8160 pmb:0 smb:0 d:- ref:;
in:303 out:301 type:P dur:2 cpbdur:2 q:33.94 aq:25.29 tex:23150 mv:10977 misc:4289 imb:202 pmb:1287 smb:6671 d:- ref:0 ;
in:301 out:302 type:B dur:2 cpbdur:2 q:33.94 aq:29.57 tex:1854 mv:1544 misc:1218 imb:3 pmb:213 smb:7944 d:- ref:0 ;
in:302 out:303 type:b dur:2 cpbdur:2 q:33.94 aq:27.99 tex:759 mv:838 misc:763 imb:0 pmb:81 smb:8079 d:- ref:0 ;
in:305 out:304 type:P dur:2 cpbdur:2 q:34.14 aq:26.50 tex:44952 mv:18349 misc:5555 imb:585 pmb:2020 smb:5555 d:- ref:0 ;
in:304 out:305 type:b dur:2 cpbdur:2 q:34.04 aq:29.49 tex:662 mv:782 misc:948 imb:0 pmb:119 smb:8041 d:- ref:0 ;
in:307 out:306 type:P dur:2 cpbdur:2 q:34.07 aq:26.41 tex:46690 mv:17537 misc:5933 imb:571 pmb:2070 smb:5519 d:- ref:0 ;
in:306 out:307 type:b dur:2 cpbdur:2 q:34.10 aq:30.79 tex:1031 mv:870 misc:923 imb:2 pmb:118 smb:8040 d:- ref:0 ;
in:309 out:308 type:P dur:2 cpbdur:2 q:33.99 aq:26.39 tex:55564 mv:19876 misc:6152 imb:684 pmb:2299 smb:5177 d:- ref:0 ;
in:308 out:309 type:b dur:2 cpbdur:2 q:34.03 aq:28.48 tex:1164 mv:1077 misc:1079 imb:3 pmb:147 smb:8010 d:- ref:0 ;
in:311 out:310 type:P dur:2 cpbdur:2 q:33.92 aq:26.46 tex:58169 mv:20266 misc:6101 imb:679 pmb:2326 smb:5155 d:- ref:0 ;
in:310 out:311 type:b dur:2 cpbdur:2 q:33.96 aq:28.87 tex:1426 mv:990 misc:1040 imb:2 pmb:143 smb:8015 d:- ref:0 ;
in:313 out:312 type:P dur:2 cpbdur:2 q:33.85 aq:26.61 tex:47141 mv:17311 misc:5444 imb:574 pmb:1816 smb:5770 d:- ref:0 ;
in:312 out:313 type:b dur:2 cpbdur:2 q:33.88 aq:27.28 tex:1453 mv:1132 misc:999 imb:2 pmb:138 smb:8020 d:- ref:0 ;
in:315 out:314 type:P dur:2 cpbdur:2 q:33.76 aq:27.03 tex:60728 mv:20438 misc:5986 imb:734 pmb:2181 smb:5245 d:- ref:0 ;
in:314 out:315 type:b dur:2 cpbdur:2 q:33.80 aq:29.72 tex:1675 mv:1504 misc:1357 imb:5 pmb:214 smb:7941 d:- ref:0 ;
in:317 out:316 type:P dur:2 cpbdur:2 q:33.77 aq:26.74 tex:48155 mv:17188 misc:5105 imb:546 pmb:1825 smb:5789 d:- ref:0 ;
in:316 out:317 type:b dur:2 cpbdur:2 q:33.77 aq:29.51 tex:1922 mv:1346 misc:1172 imb:3 pmb:165 smb:7992 d:- ref:0 ;
in:319 out:318 type:P dur:2 cpbdur:2 q:33.65 aq:26.92 tex:59548 mv:21487 misc:5421 imb:819 pmb:2152 smb:5189 d:- ref:0 ;
in:318 out:319 type:b dur:2 cpbdur:2 q:33.71 aq:30.14 tex:2044 mv:1632 misc:1268 imb:2 pmb:205 smb:7953 d:- ref:0 ;
in:321 out:320 type:P dur:2 cpbdur:2 q:33.57 aq:27.09 tex:56526 mv:20058 misc:4800 imb:808 pmb:1787 smb:5565 d:- ref:0 ;
in:320 out:321 type:b dur:2 cpbdur:2 q:33.61 aq:29.44 tex:2133 mv:2003 misc:1368 imb:2 pmb:247 smb:7911 d:- ref:0 ;
in:325 out:322 type:P dur:2 cpbdur:2 q:33.51 aq:26.10 tex:206751 mv:47278 misc:731 imb:6576 pmb:748 smb:836 d:- ref:0 ;
in:323 out:323 type:B dur:2 cpbdur:2 q:33.54 aq:28.71 tex:38563 mv:21822 misc:5335 imb:546 pmb:2018 smb:5596 d:- ref:0 ;
in:322 out:324 type:b dur:2 cpbdur:2 q:33.56 aq:29.85 tex:2640 mv:2412 misc:1676 imb:10 pmb:298 smb:7852 d:- ref:0 ;
in:324 out:325 type:b dur:2 cpbdur:2 q:33.53 aq:28.85 tex:36824 mv:15900 misc:4156 imb:1043 pmb:1141 smb:5976 d:- ref:0 ;
in:327 out:326 type:P dur:2 cpbdur:2 q:33.45 aq:25.39 tex:80387 mv:39048 misc:5149 imb:2646 pmb:2248 smb:3266 d:- ref:0 ;
in:326 out:327 type:b dur:2 cpbdur:2 q:33.48 aq:27.64 tex:5403 mv:4285 misc:3216 imb:40 pmb:750 smb:7370 d:- ref:0 ;
in:329 out:328 type:P dur:2 cpbdur:2 q:33.42 aq:28.10 tex:49164 mv:23106 misc:5130 imb:1078 pmb:1738 smb:5344 d:- ref:0 ;
in:328 out:329 type:b dur:2 cpbdur:2 q:33.43 aq:25.56 tex:5408 mv:7363 misc:2613 imb:268 pmb:484 smb:7408 d:- ref:0 ;
in:331 out:330 type:P dur:2 cpbdur:2 q:33.37 aq:27.56 tex:106268 mv:47895 misc:2197 imb:5374 pmb:1537 smb:1249 d:- ref:0 ;
in:330 out:331 type:b dur:2 cpbdur:2 q:33.40 aq:27.40 tex:29039 mv:22606 misc:6779 imb:753 pmb:2084 smb:5323 d:- ref:0 ;
in:332 out:332 type:P dur:2 cpbdur:2 q:33.35 aq:28.84 tex:223641 mv:51006 misc:697 imb:6832 pmb:489 smb:839 d:- ref:0 ;
in:333 out:333 type:P dur:2 cpbdur:2 q:33.41 aq:27.24 tex:161572 mv:48122 misc:690 imb:6878 pmb:451 smb:831 d:- ref:0 ;
in:334 out:334 type:I dur:2 cpbdur:2 q:30.56 aq:24.07 tex:176459 mv:73589 misc:344 imb:8160 pmb:0 smb:0 d:- ref:;
in:335 out:335 type:P dur:2 cpbdur:2 q:33.44 aq:25.86 tex:104938 mv:47165 misc:1273 imb:6128 pmb:956 smb:1076 d:- ref:0 ;
in:336 out:336 type:P dur:2 cpbdur:2 q:33.40 aq:26.95 tex:154742 mv:45662 misc:756 imb:6940 pmb:384 smb:836 d:- ref:0 ;
in:337 out:337 type:P dur:2 cpbdur:2 q:33.55 aq:26.44 tex:127046 mv:44679 misc:731 imb:6901 pmb:427 smb:832 d:- ref:0 ;
in:338 out:338 type:P dur:2 cpbdur:2 q:33.57 aq:28.66 tex:184351 mv:43871 misc:658 imb:7207 pmb:113 smb:840 d:- ref:0 ;
in:339 out:339 type:P dur:2 cpbdur:2 q:33.58 aq:28.14 tex:186068 mv:50671 misc:789 imb:6592 pmb:736 smb:832 d:- ref:0 ;
in:340 out:340 type:P dur:2 cpbdur:2 q:33.62 aq:28.24 tex:160436 mv:52159 misc:837 imb:6356 pmb:943 smb:861 d:- ref:0 ;
in:341 out:341 type:P dur:2 cpbdur:2 q:33.69 aq:27.22 tex:126827 mv:40591 misc:606 imb:7172 pmb:148 smb:840 d:- ref:0 ;
in:342 out:342 type:P dur:2 cpbdur:2 q:33.67 aq:27.43 tex:167292 mv:44210 misc:746 imb:7117 pmb:209 smb:834 d:- ref:0 ;
in:343 out:343 type:P dur:2 cpbdur:2 q:33.70 aq:27.89 tex:160677 mv:48976 misc:747 imb:6501 pmb:834 smb:825 d:- ref:0 ;
in:344 out:344 type:P dur:2 cpbdur:2 q:33.70 aq:27.50 tex:163758 mv:45107 misc:703 imb:7010 pmb:311 smb:839 d:- ref:0 ;
in:347 out:345 type:P dur:2 cpbdur:2 q:33.78 aq:18.92 tex:3737 mv:2384 misc:519 imb:7332 pmb:33 smb:795 d:- ref:0 ;
in:345 out:346 type:B dur:2 cpbdur:2 q:33.72 aq:36.02 tex:203 mv:207 misc:550 imb:0 pmb:134 smb:8026 d:- ref:0 ;
in:346 out:347 type:b dur:2 cpbdur:2 q:33.75 aq:19.00 tex:1 mv:5 misc:402 imb:0 pmb:1 smb:8159 d:- ref:0 ;
in:348 out:348 type:i dur:2 cpbdur:2 q:30.64 aq:18.78 tex:62115 mv:38470 misc:359 imb:8160 pmb:0 smb:0 d:- ref:;
in:349 out:349 type:P dur:2 cpbdur:2 q:34.09 aq:24.15 tex:45261 mv:23972 misc:3967 imb:2646 pmb:738 smb:4776 d:- ref:0 ;
in:350 out:350 type:P dur:2 cpbdur:2 q:34.19 aq:25.62 tex:45281 mv:28487 misc:3904 imb:3406 pmb:724 smb:4030 d:- ref:0 ;
in:351 out:351 type:P dur:2 cpbdur:2 q:34.31 aq:26.24 tex:61309 mv:32564 misc:4695 imb:3453 pmb:959 smb:3748 d:- ref:0 ;
in:352 out:352 type:P dur:2 cpbdur:2 q:34.44 aq:25.53 tex:56616 mv:29985 misc:4079 imb:3450 pmb:710 smb:4000 d:- ref:0 ;
in:353 out:353 type:i dur:2 cpbdur:2 q:30.77 aq:13.89 tex:4119 mv:2978 misc:151 imb:8160 pmb:0 smb:0 d:- ref:;
in:356 out:354 type:P dur:2 cpbdur:2 q:34.70 aq:17.00 tex:2 mv:15 misc:439 imb:0 pmb:2 smb:8158 d:- ref:0 ;
in:354 out:355 type:B dur:2 cpbdur:2 q:34.70 aq:36.67 tex:83 mv:11 misc:434 imb:0 pmb:3 smb:8157 d:- ref:0 ;
in:355 out:356 type:b dur:2 cpbdur:2 q:34.70 aq:20.00 tex:1 mv:5 misc:402 imb:0 pmb:1 smb:8159 d:- ref:0 ;
in:357 out:357 type:I dur:2 cpbdur:2 q:30.92 aq:21.97 tex:128620 mv:83585 misc:379 imb:8160 pmb:0 smb:0 d:- ref:;
in:358 out:358 type:P dur:2 cpbdur:2 q:35.06 aq:27.58 tex:20061 mv:20971 misc:5272 imb:796 pmb:1413 smb:5951 d:- ref:0 ;
in:359 out:359 type:P dur:2 cpbdur:2 q:35.19 aq:28.34 tex:21692 mv:21866 misc:5194 imb:883 pmb:1367 smb:5910 d:- ref:0 ;
in:360 out:360 type:P dur:2 cpbdur:2 q:35.16 aq:27.34 tex:23186 mv:22714 misc:5772 imb:1060 pmb:1452 smb:5648 d:- ref:0 ;
in:361 out:361 type:P dur:2 cpbdur:2 q:35.13 aq:27.88 tex:20394 mv:20519 misc:5183 imb:1022 pmb:1185 smb:5953 d:- ref:0 ;
in:364 out:362 type:P dur:2 cpbdur:2 q:35.10 aq:19.88 tex:5883 mv:2051 misc:482 imb:7363 pmb:2 smb:795 d:- ref:0 ;
in:362 out:363 type:B dur:2 cpbdur:2 q:35.12 aq:37.26 tex:122 mv:92 misc:474 imb:0 pmb:122 smb:8038 d:- ref:0 ;
in:363 out:364 type:b dur:2 cpbdur:2 q:35.11 aq:20.00 tex:0 mv:0 misc:392 imb:0 pmb:0 smb:8160 d:- ref:0 ;
in:365 out:365 type:i dur:2 cpbdur:2 q:31.31 aq:23.34 tex:167039 mv:91444 misc:309 imb:8160 pmb:0 smb:0 d:- ref:;
in:368 out:366 type:P dur:2 cpbdur:2 q:35.07 aq:27.78 tex:30620 mv:24601 misc:5531 imb:1176 pmb:1490 smb:5494 d:- ref:0 ;
in:366 out:367 type:B dur:2 cpbdur:2 q:35.07 aq:29.77 tex:5860 mv:9839 misc:3069 imb:81 pmb:884 smb:7195 d:- ref:0 ;
in:367 out:368 type:b dur:2 cpbdur:2 q:35.07 aq:30.78 tex:4085 mv:7724 misc:2639 imb:74 pmb:646 smb:7440 d:- ref:0 ;
in:371 out:369 type:P dur:2 cpbdur:2 q:34.93 aq:28.06 tex:36768 mv:25348 misc:4996 imb:1452 pmb:1425 smb:5283 d:- ref:0 ;
in:369 out:370 type:B dur:2 cpbdur:2 q:35.02 aq:29.97 tex:7893 mv:11049 misc:3378 imb:178 pmb:878 smb:7104 d:- ref:0 ;
in:370 out:371 type:b dur:2 cpbdur:2 q:34.98 aq:30.18 tex:5499 mv:8291 misc:2834 imb:130 pmb:697 smb:7333 d:- ref:0 ;
in:372 out:372 type:P dur:2 cpbdur:2 q:34.87 aq:28.36 tex:18688 mv:17094 misc:4850 imb:827 pmb:1127 smb:6206 d:- ref:0 ;
in:374 out:373 type:P dur:2 cpbdur:2 q:34.82 aq:30.09 tex:25344 mv:20418 misc:4134 imb:1461 pmb:1028 smb:5671 d:- ref:0 ;
in:373 out:374 type:b dur:2 cpbdur:2 q:34.85 aq:30.53 tex:7886 mv:11373 misc:3037 imb:279 pmb:778 smb:7103 d:- ref:0 ;
in:375 out:375 type:i dur:2 cpbdur:2 q:31.58 aq:22.73 tex:151878 mv:75559 misc:347 imb:8160 pmb:0 smb:0 d:- ref:;
in:379 out:376 type:P dur:2 cpbdur:2 q:34.78 aq:24.31 tex:60277 mv:15203 misc:5136 imb:894 pmb:1141 smb:6125 d:- ref:0 ;
in:377 out:377 type:B dur:2 cpbdur:2 q:34.78 aq:24.29 tex:5965 mv:5025 misc:2770 imb:80 pmb:601 smb:7479 d:- ref:0 ;
in:376 out:378 type:b dur:2 cpbdur:2 q:34.78 aq:26.07 tex:5893 mv:5007 misc:1636 imb:106 pmb:480 smb:7574 d:- ref:0 ;
in:378 out:379 type:b dur:2 cpbdur:2 q:34.78 aq:28.20 tex:1111 mv:1869 misc:1204 imb:11 pmb:207 smb:7942 d:- ref:0 ;
in:383 out:380 type:P dur:2 cpbdur:2 q:34.71 aq:26.79 tex:11008 mv:8204 misc:3860 imb:147 pmb:921 smb:7092 d:- ref:0 ;
in:381 out:381 type:B dur:2 cpbdur:2 q:34.74 aq:28.16 tex:1461 mv:1917 misc:1534 imb:20 pmb:243 smb:7897 d:- ref:0 ;
in:380 out:382 type:b dur:2 cpbdur:2 q:34.76 aq:27.14 tex:679 mv:1079 misc:994 imb:10 pmb:124 smb:8026 d:- ref:0 ;
in:382 out:383 type:b dur:2 cpbdur:2 q:34.73 aq:25.42 tex:342 mv:398 misc:644 imb:5 pmb:43 smb:8112 d:- ref:0 ;
in:387 out:384 type:P dur:2 cpbdur:2 q:34.55 aq:25.62 tex:9159 mv:6112 misc:3601 imb:161 pmb:704 smb:7295 d:- ref:0 ;
in:385 out:385 type:B dur:2 cpbdur:2 q:34.63 aq:25.00 tex:1669 mv:1364 misc:1615 imb:32 pmb:190 smb:7938 d:- ref:0 ;
in:384 out:386 type:b dur:2 cpbdur:2 q:34.67 aq:26.13 tex:224 mv:399 misc:641 imb:5 pmb:43 smb:8112 d:- ref:0 ;
in:386 out:387 type:b dur:2 cpbdur:2 q:34.59 aq:26.01 tex:152 mv:89 misc:503 imb:1 pmb:15 smb:8144 d:- ref:0 ;
in:391 out:388 type:P dur:2 cpbdur:2 q:34.41 aq:28.00 tex:163176 mv:43653 misc:899 imb:6852 pmb:403 smb:905 d:- ref:0 ;
in:389 out:389 type:B dur:2 cpbdur:2 q:34.48 aq:29.81 tex:3044 mv:2837 misc:2199 imb:33 pmb:453 smb:7674 d:- ref:0 ;
in:388 out:390 type:b dur:2 cpbdur:2 q:34.51 aq:23.68 tex:164 mv:218 misc:554 imb:1 pmb:27 smb:8132 d:- ref:0 ;
in:390 out:391 type:b dur:2 cpbdur:2 q:34.44 aq:27.91 tex:823 mv:1016 misc:1017 imb:13 pmb:213 smb:7934 d:- ref:0 ;
in:392 out:392 type:P dur:2 cpbdur:2 q:34.37 aq:28.51 tex:45141 mv:30152 misc:5475 imb:1970 pmb:1504 smb:4686 d:- ref:0 ;
in:393 out:393 type:P dur:2 cpbdur:2 q:34.33 aq:28.07 tex:52883 mv:31972 misc:5505 imb:2402 pmb:1520 smb:4238 d:- ref:0 ;
in:394 out:394 type:P dur:2 cpbdur:2 q:34.28 aq:28.05 tex:46634 mv:28977 misc:5597 imb:2438 pmb:1245 smb:4477 d:- ref:0 ;
in:395 out:395 type:P dur:2 cpbdur:2 q:34.24 aq:26.63 tex:65182 mv:37279 misc:5339 imb:3082 pmb:1428 smb:3650 d:- ref:0 ;
in:396 out:396 type:P dur:2 cpbdur:2 q:34.20 aq:26.83 tex:55541 mv:36084 misc:5655 imb:2333 pmb:1659 smb:4168 d:- ref:0 ;
in:397 out:397 type:P dur:2 cpbdur:2 q:34.15 aq:27.01 tex:55117 mv:35271 misc:5780 imb:2246 pmb:1725 smb:4189 d:- ref:0 ;
in:398 out:398 type:P dur:2 cpbdur:2 q:34.11 aq:26.57 tex:54027 mv:33662 misc:5711 imb:2406 pmb:1516 smb:4238 d:- ref:0 ;
in:399 out:399 type:P dur:2 cpbdur:2 q:34.06 aq:25.94 tex:57115 mv:33342 misc:5535 imb:2483 pmb:1445 smb:4232 d:- ref:0 ;
in:400 out:400 type:P dur:2 cpbdur:2 q:34.02 aq:26.77 tex:50756 mv:32452 misc:5600 imb:2096 pmb:1638 smb:4426 d:- ref:0 ;
in:401 out:401 type:P dur:2 cpbdur:2 q:33.97 aq:25.59 tex:48117 mv:30394 misc:5793 imb:2021 pmb:1521 smb:4618 d:- ref:0 ;
in:402 out:402 type:P dur:2 cpbdur:2 q:33.92 aq:26.21 tex:43164 mv:29716 misc:6008 imb:1602 pmb:1681 smb:4877 d:- ref:0 ;
in:403 out:403 type:P dur:2 cpbdur:2 q:34.01 aq:26.61 tex:25939 mv:21636 misc:5889 imb:776 pmb:1564 smb:5820 d:- ref:0 ;
in:404 out:404 type:P dur:2 cpbdur:2 q:33.98 aq:25.90 tex:26941 mv:22637 misc:5982 imb:851 pmb:1582 smb:5727 d:- ref:0 ;
in:407 out:405 type:P dur:2 cpbdur:2 q:33.96 aq:26.06 tex:55822 mv:35070 misc:5652 imb:2463 pmb:1573 smb:4124 d:- ref:0 ;
in:405 out:406 type:B dur:2 cpbdur:2 q:33.97 aq:28.76 tex:14023 mv:18168 misc:4913 imb:340 pmb:1372 smb:6448 d:- ref:0 ;
in:406 out:407 type:b dur:2 cpbdur:2 q:33.97 aq:29.47 tex:10729 mv:16984 misc:4319 imb:300 pmb:1220 smb:6640 d:- ref:0 ;
in:408 out:408 type:P dur:2 cpbdur:2 q:33.94 aq:26.55 tex:39280 mv:29789 misc:5819 imb:1918 pmb:1520 smb:4722 d:- ref:0 ;
in:409 out:409 type:P dur:2 cpbdur:2 q:33.97 aq:25.34 tex:43374 mv:31621 misc:5701 imb:1786 pmb:1646 smb:4728 d:- ref:0 ;
in:413 out:410 type:P dur:2 cpbdur:2 q:34.01 aq:27.53 tex:53169 mv:35901 misc:5938 imb:2185 pmb:1712 smb:4263 d:- ref:0 ;
in:411 out:411 type:B dur:2 cpbdur:2 q:33.99 aq:28.24 tex:26953 mv:29350 misc:5601 imb:596 pmb:1952 smb:5612 d:- ref:0 ;
in:410 out:412 type:b dur:2 cpbdur:2 q:33.98 aq:29.40 tex:11577 mv:15302 misc:4297 imb:244 pmb:1157 smb:6759 d:- ref:0 ;
in:412 out:413 type:b dur:2 cpbdur:2 q:34.00 aq:29.89 tex:9791 mv:14450 misc:4239 imb:201 pmb:1191 smb:6768 d:- ref:0 ;
in:415 out:414 type:P dur:2 cpbdur:2 q:34.10 aq:27.17 tex:42577 mv:27020 misc:4491 imb:2114 pmb:1078 smb:4968 d:- ref:0 ;
in:414 out:415 type:b dur:2 cpbdur:2 q:34.06 aq:29.77 tex:13493 mv:19420 misc:4431 imb:371 pmb:1318 smb:6471 d:- ref:0 ;
in:416 out:416 type:I dur:2 cpbdur:2 q:31.28 aq:19.94 tex:114790 mv:68015 misc:339 imb:8160 pmb:0 smb:0 d:- ref:;
in:419 out:417 type:P dur:2 cpbdur:2 q:34.21 aq:25.46 tex:63942 mv:22887 misc:4739 imb:2071 pmb:960 smb:5129 d:- ref:0 ;
in:417 out:418 type:B dur:2 cpbdur:2 q:34.21 aq:27.48 tex:4915 mv:7110 misc:2671 imb:152 pmb:610 smb:7398 d:- ref:0 ;
in:418 out:419 type:b dur:2 cpbdur:2 q:34.21 aq:28.50 tex:12200 mv:9887 misc:3265 imb:327 pmb:868 smb:6965 d:- ref:0 ;
in:423 out:420 type:P dur:2 cpbdur:2 q:34.13 aq:22.54 tex:24756 mv:15291 misc:5993 imb:1303 pmb:1256 smb:5601 d:- ref:0 ;
in:421 out:421 type:B dur:2 cpbdur:2 q:34.17 aq:24.44 tex:10187 mv:9931 misc:4834 imb:262 pmb:1239 smb:6659 d:- ref:0 ;
in:420 out:422 type:b dur:2 cpbdur:2 q:34.19 aq:25.81 tex:3072 mv:4384 misc:2480 imb:97 pmb:453 smb:7610 d:- ref:0 ;
in:422 out:423 type:b dur:2 cpbdur:2 q:34.15 aq:24.55 tex:3490 mv:3569 misc:2597 imb:65 pmb:492 smb:7603 d:- ref:0 ;
in:425 out:424 type:P dur:2 cpbdur:2 q:34.05 aq:23.31 tex:3656 mv:3497 misc:2679 imb:205 pmb:312 smb:7643 d:- ref:0 ;
in:424 out:425 type:b dur:2 cpbdur:2 q:34.09 aq:23.05 tex:1625 mv:2187 misc:1860 imb:40 pmb:313 smb:7807 d:- ref:0 ;
in:426 out:426 type:i dur:2 cpbdur:2 q:31.26 aq:19.95 tex:611062 mv:184089 misc:337 imb:8160 pmb:0 smb:0 d:- ref:;
in:430 out:427 type:P dur:2 cpbdur:2 q:34.32 aq:23.97 tex:3557 mv:1717 misc:1262 imb:37 pmb:219 smb:7904 d:- ref:0 ;
in:428 out:428 type:B dur:2 cpbdur:2 q:34.32 aq:24.63 tex:385 mv:691 misc:692 imb:11 pmb:78 smb:8071 d:- ref:0 ;
in:427 out:429 type:b dur:2 cpbdur:2 q:34.32 aq:30.00 tex:39 mv:102 misc:499 imb:0 pmb:18 smb:8142 d:- ref:0 ;
in:429 out:430 type:b dur:2 cpbdur:2 q:34.32 aq:30.62 tex:96 mv:79 misc:441 imb:1 pmb:9 smb:8150 d:- ref:0 ;
in:432 out:431 type:P dur:2 cpbdur:2 q:34.24 aq:25.45 tex:4593 mv:1654 misc:1585 imb:36 pmb:282 smb:7842 d:- ref:0 ;
in:431 out:432 type:b dur:2 cpbdur:2 q:34.28 aq:21.27 tex:37 mv:36 misc:423 imb:0 pmb:4 smb:8156 d:- ref:0 ;
in:433 out:433 type:P dur:2 cpbdur:2 q:34.20 aq:24.06 tex:4674 mv:1621 misc:1905 imb:31 pmb:325 smb:7804 d:- ref:0 ;
in:434 out:434 type:P dur:2 cpbdur:2 q:34.18 aq:24.48 tex:6583 mv:1827 misc:2526 imb:37 pmb:441 smb:7682 d:- ref:0 ;
in:435 out:435 type:P dur:2 cpbdur:2 q:34.16 aq:24.07 tex:11177 mv:2513 misc:3686 imb:35 pmb:755 smb:7370 d:- ref:0 ;
in:436 out:436 type:P dur:2 cpbdur:2 q:34.14 aq:23.97 tex:13040 mv:2615 misc:3761 imb:40 pmb:805 smb:7315 d:- ref:0 ;
in:438 out:437 type:P dur:2 cpbdur:2 q:34.12 aq:24.13 tex:11936 mv:3131 misc:3941 imb:75 pmb:842 smb:7243 d:- ref:0 ;
in:437 out:438 type:b dur:2 cpbdur:2 q:34.13 aq:25.51 tex:205 mv:135 misc:524 imb:1 pmb:26 smb:8133 d:- ref:0 ;
in:439 out:439 type:P dur:2 cpbdur:2 q:34.02 aq:23.47 tex:8687 mv:2169 misc:2664 imb:47 pmb:508 smb:7605 d:- ref:0 ;
in:442 out:440 type:P dur:2 cpbdur:2 q:33.98 aq:23.43 tex:7836 mv:2309 misc:1999 imb:67 pmb:369 smb:7724 d:- ref:0 ;
in:440 out:441 type:B dur:2 cpbdur:2 q:34.01 aq:26.84 tex:351 mv:349 misc:612 imb:1 pmb:49 smb:8110 d:- ref:0 ;
in:441 out:442 type:b dur:2 cpbdur:2 q:33.99 aq:26.53 tex:160 mv:255 misc:521 imb:4 pmb:25 smb:8131 d:- ref:0 ;
in:446 out:443 type:P dur:2 cpbdur:2 q:34.06 aq:24.18 tex:3687 mv:2138 misc:1567 imb:72 pmb:275 smb:7813 d:- ref:0 ;
in:444 out:444 type:B dur:2 cpbdur:2 q:34.02 aq:26.60 tex:561 mv:750 misc:721 imb:8 pmb:99 smb:8053 d:- ref:0 ;
in:443 out:445 type:b dur:2 cpbdur:2 q:34.00 aq:25.21 tex:157 mv:206 misc:509 imb:6 pmb:17 smb:8137 d:- ref:0 ;
in:445 out:446 type:b dur:2 cpbdur:2 q:34.04 aq:29.73 tex:165 mv:149 misc:470 imb:5 pmb:16 smb:8139 d:- ref:0 ;
in:449 out:447 type:P dur:2 cpbdur:2 q:33.84 aq:17.74 tex:3755 mv:365 misc:1760 imb:2 pmb:1978 smb:6180 d:- ref:0 w:0,0,16,7,1,127,1,126 ;
in:447 out:448 type:B dur:2 cpbdur:2 q:33.99 aq:25.10 tex:1022 mv:950 misc:940 imb:8 pmb:264 smb:7888 d:- ref:0 ;
in:448 out:449 type:b dur:2 cpbdur:2 q:33.91 aq:28.34 tex:379 mv:803 misc:810 imb:7 pmb:241 smb:7912 d:- ref:0 ;
in:450 out:450 type:P dur:2 cpbdur:2 q:33.62 aq:24.33 tex:36358 mv:17563 misc:2055 imb:4068 pmb:128 smb:3964 d:- ref:0 ;
in:452 out:451 type:P dur:2 cpbdur:2 q:33.56 aq:21.67 tex:58653 mv:33400 misc:979 imb:7313 pmb:783 smb:64 d:- ref:0 w:5,87,-24,0,2,-128,2,-128 ;
in:451 out:452 type:b dur:2 cpbdur:2 q:33.59 aq:23.46 tex:17199 mv:19382 misc:5243 imb:1182 pmb:1380 smb:5598 d:- ref:0 ;
in:456 out:453 type:P dur:2 cpbdur:2 q:33.45 aq:24.66 tex:91730 mv:48596 misc:1274 imb:6263 pmb:1779 smb:118 d:- ref:0 w:5,71,-15,0,2,-128,2,-127 ;
in:454 out:454 type:B dur:2 cpbdur:2 q:33.51 aq:25.25 tex:34121 mv:26206 misc:6457 imb:1759 pmb:1958 smb:4443 d:- ref:0 ;
in:453 out:455 type:b dur:2 cpbdur:2 q:33.54 aq:25.82 tex:17475 mv:16319 misc:6110 imb:884 pmb:1578 smb:5698 d:- ref:0 ;
in:455 out:456 type:b dur:2 cpbdur:2 q:33.48 aq:26.20 tex:21192 mv:19841 misc:6895 imb:888 pmb:2226 smb:5046 d:- ref:0 ;
in:459 out:457 type:P dur:2 cpbdur:2 q:33.26 aq:23.16 tex:121930 mv:57275 misc:1187 imb:5516 pmb:2554 smb:90 d:- ref:0 w:5,45,-4,6,92,-56,93,-58 ;
in:457 out:458 type:B dur:2 cpbdur:2 q:33.39 aq:26.49 tex:26975 mv:21482 misc:6863 imb:1010 pmb:2091 smb:5059 d:- ref:0 ;
in:458 out:459 type:b dur:2 cpbdur:2 q:33.33 aq:27.43 tex:17686 mv:14313 misc:6545 imb:472 pmb:1813 smb:5875 d:- ref:0 ;
in:462 out:460 type:P dur:2 cpbdur:2 q:33.14 aq:24.71 tex:49999 mv:29372 misc:6629 imb:1269 pmb:2901 smb:3990 d:- ref:0 ;
in:460 out:461 type:B dur:2 cpbdur:2 q:33.22 aq:27.02 tex:6311 mv:5708 misc:3829 imb:56 pmb:863 smb:7241 d:- ref:0 ;
in:461 out:462 type:b dur:2 cpbdur:2 q:33.18 aq:26.98 tex:4128 mv:3434 misc:3142 imb:27 pmb:626 smb:7507 d:- ref:0 ;
in:466 out:463 type:P dur:2 cpbdur:2 q:33.00 aq:24.54 tex:50234 mv:30761 misc:6853 imb:1312 pmb:2663 smb:4185 d:- ref:0 ;
in:464 out:464 type:B dur:2 cpbdur:2 q:33.07 aq:25.88 tex:9934 mv:9116 misc:4966 imb:91 pmb:1253 smb:6816 d:- ref:0 ;
in:463 out:465 type:b dur:2 cpbdur:2 q:33.11 aq:26.83 tex:2636 mv:2940 misc:2392 imb:20 pmb:415 smb:7725 d:- ref:0 ;
in:465 out:466 type:b dur:2 cpbdur:2 q:33.04 aq:26.30 tex:3259 mv:3515 misc:2778 imb:37 pmb:500 smb:7623 d:- ref:0 ;
in:470 out:467 type:P dur:2 cpbdur:2 q:32.95 aq:24.29 tex:68838 mv:38192 misc:6306 imb:2421 pmb:2617 smb:3122 d:- ref:0 ;
in:468 out:468 type:B dur:2 cpbdur:2 q:32.98 aq:25.79 tex:10370 mv:11341 misc:5049 imb:113 pmb:1365 smb:6682 d:- ref:0 ;
in:467 out:469 type:b dur:2 cpbdur:2 q:32.99 aq:27.26 tex:2255 mv:3143 misc:2202 imb:19 pmb:395 smb:7746 d:- ref:0 ;
in:469 out:470 type:b dur:2 cpbdur:2 q:32.96 aq:26.03 tex:3336 mv:4159 misc:2817 imb:36 pmb:550 smb:7574 d:- ref:0 ;
in:473 out:471 type:P dur:2 cpbdur:2 q:33.02 aq:27.67 tex:12905 mv:12141 misc:4946 imb:522 pmb:979 smb:6659 d:- ref:0 ;
in:471 out:472 type:B dur:2 cpbdur:2 q:32.98 aq:26.76 tex:2193 mv:4110 misc:2169 imb:38 pmb:429 smb:7693 d:- ref:0 ;
in:472 out:473 type:b dur:2 cpbdur:2 q:33.00 aq:26.21 tex:2815 mv:4284 misc:2549 imb:41 pmb:468 smb:7651 d:- ref:0 ;
in:474 out:474 type:I dur:2 cpbdur:2 q:30.52 aq:19.25 tex:710663 mv:205146 misc:391 imb:8160 pmb:0 smb:0 d:- ref:;
in:478 out:475 type:P dur:2 cpbdur:2 q:33.48 aq:23.43 tex:17695 mv:7008 misc:2609 imb:156 pmb:820 smb:7184 d:- ref:0 ;
in:476 out:476 type:B dur:2 cpbdur:2 q:33.48 aq:31.47 tex:1195 mv:2825 misc:1324 imb:15 pmb:276 smb:7869 d:- ref:0 ;
in:475 out:477 type:b dur:2 cpbdur:2 q:33.48 aq:32.24 tex:238 mv:633 misc:737 imb:10 pmb:81 smb:8069 d:- ref:0 ;
in:477 out:478 type:b dur:2 cpbdur:2 q:33.48 aq:24.54 tex:294 mv:682 misc:712 imb:13 pmb:78 smb:8069 d:- ref:0 ;
in:482 out:479 type:P dur:2 cpbdur:2 q:33.39 aq:23.05 tex:47025 mv:10040 misc:5207 imb:184 pmb:1842 smb:6134 d:- ref:0 ;
in:480 out:480 type:B dur:2 cpbdur:2 q:33.43 aq:24.93 tex:1892 mv:2876 misc:1448 imb:26 pmb:290 smb:7844 d:- ref:0 ;
in:479 out:481 type:b dur:2 cpbdur:2 q:33.46 aq:20.89 tex:307 mv:875 misc:738 imb:11 pmb:102 smb:8047 d:- ref:0 ;
in:481 out:482 type:b dur:2 cpbdur:2 q:33.41 aq:23.66 tex:450 mv:849 misc:773 imb:22 pmb:101 smb:8037 d:- ref:0 ;
in:486 out:483 type:P dur:2 cpbdur:2 q:33.32 aq:22.93 tex:42924 mv:10690 misc:5738 imb:216 pmb:1942 smb:6002 d:- ref:0 ;
in:484 out:484 type:B dur:2 cpbdur:2 q:33.36 aq:23.73 tex:2858 mv:3393 misc:1637 imb:25 pmb:386 smb:7749 d:- ref:0 ;
in:483 out:485 type:b dur:2 cpbdur:2 q:33.37 aq:26.39 tex:309 mv:881 misc:818 imb:14 pmb:100 smb:8046 d:- ref:0 ;
in:485 out:486 type:b dur:2 cpbdur:2 q:33.34 aq:24.79 tex:510 mv:857 misc:865 imb:8 pmb:114 smb:8038 d:- ref:0 ;
in:490 out:487 type:P dur:2 cpbdur:2 q:33.16 aq:24.11 tex:24785 mv:7531 misc:2620 imb:193 pmb:887 smb:7080 d:- ref:0 ;
in:488 out:488 type:B dur:2 cpbdur:2 q:33.24 aq:26.93 tex:1605 mv:3042 misc:1321 imb:25 pmb:288 smb:7847 d:- ref:0 ;
in:487 out:489 type:b dur:2 cpbdur:2 q:33.28 aq:23.10 tex:276 mv:845 misc:735 imb:13 pmb:94 smb:8053 d:- ref:0 ;
in:489 out:490 type:b dur:2 cpbdur:2 q:33.20 aq:28.82 tex:548 mv:966 misc:790 imb:18 pmb:108 smb:8034 d:- ref:0 ;
in:494 out:491 type:P dur:2 cpbdur:2 q:33.16 aq:22.85 tex:14378 mv:6500 misc:1882 imb:176 pmb:688 smb:7296 d:- ref:0 ;
in:492 out:492 type:B dur:2 cpbdur:2 q:33.16 aq:25.91 tex:1762 mv:3171 misc:1331 imb:27 pmb:301 smb:7832 d:- ref:0 ;
in:491 out:493 type:b dur:2 cpbdur:2 q:33.16 aq:27.64 tex:447 mv:845 misc:780 imb:13 pmb:93 smb:8054 d:- ref:0 ;
in:493 out:494 type:b dur:2 cpbdur:2 q:33.16 aq:26.13 tex:366 mv:728 misc:786 imb:18 pmb:90 smb:8052 d:- ref:0 ;
in:498 out:495 type:P dur:2 cpbdur:2 q:32.93 aq:16.86 tex:4119 mv:966 misc:2107 imb:554 pmb:1924 smb:5682 d:- ref:0 w:0,0,16,7,1,127,1,126 ;
in:496 out:496 type:B dur:2 cpbdur:2 q:33.05 aq:25.07 tex:8369 mv:5394 misc:1557 imb:77 pmb:839 smb:7244 d:- ref:0 ;
in:495 out:497 type:b dur:2 cpbdur:2 q:33.11 aq:27.75 tex:589 mv:896 misc:803 imb:12 pmb:108 smb:8040 d:- ref:0 ;
in:497 out:498 type:b dur:2 cpbdur:2 q:32.99 aq:23.38 tex:2588 mv:3204 misc:1448 imb:49 pmb:575 smb:7536 d:- ref:0 ;
in:499 out:499 type:P dur:2 cpbdur:2 q:32.69 aq:22.01 tex:17722 mv:10061 misc:2361 imb:2442 pmb:205 smb:5513 d:- ref:0 ;
in:500 out:500 type:I dur:2 cpbdur:2 q:30.34 aq:15.82 tex:44576 mv:29565 misc:275 imb:8160 pmb:0 smb:0 d:- ref:;
in:503 out:501 type:P dur:2 cpbdur:2 q:32.62 aq:19.29 tex:50943 mv:28847 misc:1626 imb:7097 pmb:800 smb:263 d:- ref:0 w:5,71,-15,5,53,-84,64,-128 ;
in:501 out:502 type:B dur:2 cpbdur:2 q:32.62 aq:19.88 tex:26308 mv:16670 misc:4942 imb:1036 pmb:3528 smb:3596 d:- ref:0 ;
in:502 out:503 type:b dur:2 cpbdur:2 q:32.62 aq:21.50 tex:20372 mv:16169 misc:5003 imb:1030 pmb:2315 smb:4815 d:- ref:0 ;
in:507 out:504 type:P dur:2 cpbdur:2 q:32.48 aq:20.72 tex:60040 mv:35502 misc:2858 imb:6002 pmb:1483 smb:675 d:- ref:0 w:2,7,-10,6,115,-102,112,-96 ;
in:505 out:505 type:B dur:2 cpbdur:2 q:32.55 aq:20.77 tex:24379 mv:18582 misc:5799 imb:1434 pmb:2252 smb:4474 d:- ref:0 ;
in:504 out:506 type:b dur:2 cpbdur:2 q:32.59 aq:21.38 tex:16673 mv:14709 misc:5770 imb:840 pmb:2257 smb:5063 d:- ref:0 ;
in:506 out:507 type:b dur:2 cpbdur:2 q:32.52 aq:22.25 tex:14690 mv:12903 misc:5695 imb:738 pmb:1837 smb:5585 d:- ref:0 ;
in:511 out:508 type:P dur:2 cpbdur:2 q:32.30 aq:21.48 tex:61937 mv:36909 misc:3850 imb:5395 pmb:1742 smb:1023 d:- ref:0 w:6,91,-5,6,93,-58,95,-62 ;
in:509 out:509 type:B dur:2 cpbdur:2 q:32.39 aq:21.99 tex:22523 mv:15232 misc:6101 imb:1143 pmb:1855 smb:5162 d:- ref:0 ;
in:508 out:510 type:b dur:2 cpbdur:2 q:32.44 aq:21.94 tex:16302 mv:14703 misc:5787 imb:1041 pmb:1711 smb:5408 d:- ref:0 ;
in:510 out:511 type:b dur:2 cpbdur:2 q:32.35 aq:22.68 tex:16376 mv:14129 misc:5839 imb:855 pmb:1870 smb:5435 d:- ref:0 ;
in:515 out:512 type:P dur:2 cpbdur:2 q:32.14 aq:22.41 tex:65909 mv:39377 misc:4370 imb:4899 pmb:2052 smb:1209 d:- ref:0 w:6,83,-3,5,42,-40,43,-44 ;
in:513 out:513 type:B dur:2 cpbdur:2 q:32.22 aq:22.86 tex:22254 mv:14914 misc:6272 imb:1014 pmb:1785 smb:5361 d:- ref:0 ;
in:512 out:514 type:b dur:2 cpbdur:2 q:32.26 aq:23.11 tex:14583 mv:10793 misc:5512 imb:586 pmb:1589 smb:5985 d:- ref:0 ;
in:514 out:515 type:b dur:2 cpbdur:2 q:32.18 aq:21.90 tex:14711 mv:13920 misc:5961 imb:767 pmb:1568 smb:5825 d:- ref:0 ;
in:519 out:516 type:P dur:2 cpbdur:2 q:32.14 aq:22.59 tex:49364 mv:35520 misc:6196 imb:4166 pmb:1732 smb:2262 d:- ref:0 w:4,17,0,6,68,-8,69,-10 ;
in:517 out:517 type:B dur:2 cpbdur:2 q:32.14 aq:22.95 tex:8313 mv:7585 misc:5606 imb:169 pmb:1619 smb:6372 d:- ref:0 ;
in:516 out:518 type:b dur:2 cpbdur:2 q:32.14 aq:23.62 tex:14648 mv:15723 misc:6253 imb:666 pmb:1870 smb:5624 d:- ref:0 ;
in:518 out:519 type:b dur:2 cpbdur:2 q:32.14 aq:19.94 tex:296 mv:192 misc:720 imb:3 pmb:48 smb:8109 d:- ref:0 ;
in:521 out:520 type:P dur:2 cpbdur:2 q:32.15 aq:13.23 tex:4775 mv:2335 misc:490 imb:7764 pmb:128 smb:268 d:- ref:0 ;
in:520 out:521 type:b dur:2 cpbdur:2 q:32.14 aq:19.93 tex:1178 mv:1150 misc:1008 imb:109 pmb:103 smb:7948 d:- ref:0 ;
in:522 out:522 type:P dur:2 cpbdur:2 q:32.11 aq:21.91 tex:20527 mv:11640 misc:1969 imb:3303 pmb:170 smb:4687 d:- ref:0 ;
in:523 out:523 type:P dur:2 cpbdur:2 q:32.13 aq:21.34 tex:36382 mv:20445 misc:1541 imb:4850 pmb:273 smb:3037 d:- ref:0 ;
in:527 out:524 type:P dur:2 cpbdur:2 q:32.13 aq:20.49 tex:93621 mv:33134 misc:1277 imb:6447 pmb:265 smb:1448 d:- ref:0 ;
in:525 out:525 type:B dur:2 cpbdur:2 q:32.13 aq:19.97 tex:25873 mv:22973 misc:5410 imb:1635 pmb:1869 smb:4656 d:- ref:0 ;
in:524 out:526 type:b dur:2 cpbdur:2 q:32.13 aq:20.40 tex:16789 mv:18637 misc:5430 imb:1313 pmb:1693 smb:5154 d:- ref:0 ;
in:526 out:527 type:b dur:2 cpbdur:2 q:32.13 aq:20.91 tex:18815 mv:13303 misc:4802 imb:745 pmb:2128 smb:5287 d:- ref:0 ;
in:531 out:528 type:P dur:2 cpbdur:2 q:32.15 aq:21.26 tex:84121 mv:40630 misc:3353 imb:5203 pmb:2103 smb:854 d:- ref:0 w:6,97,-4,6,107,-86,106,-84 ;
in:529 out:529 type:B dur:2 cpbdur:2 q:32.14 aq:20.69 tex:20682 mv:15986 misc:5700 imb:1069 pmb:1653 smb:5438 d:- ref:0 ;
in:528 out:530 type:b dur:2 cpbdur:2 q:32.13 aq:20.72 tex:16108 mv:13819 misc:5321 imb:811 pmb:1852 smb:5497 d:- ref:0 ;
in:530 out:531 type:b dur:2 cpbdur:2 q:32.14 aq:21.54 tex:13065 mv:12819 misc:5396 imb:736 pmb:1384 smb:6040 d:- ref:0 ;
in:535 out:532 type:P dur:2 cpbdur:2 q:32.01 aq:21.50 tex:79566 mv:38501 misc:4685 imb:4373 pmb:2274 smb:1513 d:- ref:0 w:6,87,-3,6,89,-50,89,-50 ;
in:533 out:533 type:B dur:2 cpbdur:2 q:32.08 aq:21.03 tex:18662 mv:14290 misc:5712 imb:925 pmb:1449 smb:5786 d:- ref:0 ;
in:532 out:534 type:b dur:2 cpbdur:2 q:32.12 aq:21.39 tex:12342 mv:11329 misc:5153 imb:694 pmb:1190 smb:6276 d:- ref:0 ;
in:534 out:535 type:b dur:2 cpbdur:2 q:32.05 aq:21.09 tex:12856 mv:9619 misc:5101 imb:540 pmb:1335 smb:6285 d:- ref:0 ;
in:539 out:536 type:P dur:2 cpbdur:2 q:31.87 aq:21.99 tex:80093 mv:40237 misc:4910 imb:4216 pmb:2382 smb:1562 d:- ref:0 w:6,81,-2,6,83,-38,82,-36 ;
in:537 out:537 type:B dur:2 cpbdur:2 q:31.94 aq:22.21 tex:18662 mv:12761 misc:5561 imb:811 pmb:1425 smb:5924 d:- ref:0 ;
in:536 out:538 type:b dur:2 cpbdur:2 q:31.98 aq:22.79 tex:13448 mv:10201 misc:5447 imb:585 pmb:1394 smb:6181 d:- ref:0 ;
in:538 out:539 type:b dur:2 cpbdur:2 q:31.90 aq:23.09 tex:11889 mv:8374 misc:5145 imb:422 pmb:1144 smb:6594 d:- ref:0 ;
in:541 out:540 type:P dur:2 cpbdur:2 q:31.82 aq:20.77 tex:93504 mv:43019 misc:4437 imb:4040 pmb:2997 smb:1123 d:- ref:0 w:6,71,-1,6,71,-14,71,-14 ;
in:540 out:541 type:b dur:2 cpbdur:2 q:31.84 aq:22.85 tex:10633 mv:6424 misc:4679 imb:310 pmb:1100 smb:6750 d:- ref:0 ;
in:545 out:542 type:P dur:2 cpbdur:2 q:31.80 aq:21.86 tex:37289 mv:22144 misc:6871 imb:1104 pmb:2330 smb:4726 d:- ref:0 ;
in:543 out:543 type:B dur:2 cpbdur:2 q:31.81 aq:21.75 tex:7406 mv:3433 misc:3985 imb:70 pmb:838 smb:7252 d:- ref:0 ;
in:542 out:544 type:b dur:2 cpbdur:2 q:31.81 aq:21.28 tex:2985 mv:1227 misc:2364 imb:19 pmb:403 smb:7738 d:- ref:0 ;
in:544 out:545 type:b dur:2 cpbdur:2 q:31.81 aq:21.53 tex:2610 mv:904 misc:2094 imb:19 pmb:309 smb:7832 d:- ref:0 ;
in:549 out:546 type:P dur:2 cpbdur:2 q:31.75 aq:21.55 tex:26400 mv:17249 misc:6743 imb:732 pmb:1868 smb:5560 d:- ref:0 ;
in:547 out:547 type:B dur:2 cpbdur:2 q:31.78 aq:22.26 tex:5434 mv:2127 misc:3183 imb:56 pmb:568 smb:7536 d:- ref:0 ;
in:546 out:548 type:b dur:2 cpbdur:2 q:31.79 aq:21.34 tex:2561 mv:927 misc:1944 imb:23 pmb:307 smb:7830 d:- ref:0 ;
in:548 out:549 type:b dur:2 cpbdur:2 q:31.77 aq:22.15 tex:2280 mv:774 misc:1794 imb:20 pmb:241 smb:7899 d:- ref:0 ;
in:553 out:550 type:P dur:2 cpbdur:2 q:31.70 aq:21.41 tex:21732 mv:15672 misc:6620 imb:616 pmb:1717 smb:5827 d:- ref:0 ;
in:551 out:551 type:B dur:2 cpbdur:2 q:31.73 aq:21.70 tex:4402 mv:1698 misc:2748 imb:45 pmb:441 smb:7674 d:- ref:0 ;
in:550 out:552 type:b dur:2 cpbdur:2 q:31.74 aq:22.09 tex:2207 mv:795 misc:1726 imb:26 pmb:216 smb:7918 d:- ref:0 ;
in:552 out:553 type:b dur:2 cpbdur:2 q:31.72 aq:21.01 tex:2062 mv:730 misc:1712 imb:24 pmb:222 smb:7914 d:- ref:0 ;
in:557 out:554 type:P dur:2 cpbdur:2 q:31.67 aq:21.78 tex:17117 mv:14608 misc:6347 imb:565 pmb:1554 smb:6041 d:- ref:0 ;
in:555 out:555 type:B dur:2 cpbdur:2 q:31.69 aq:21.25 tex:4042 mv:1916 misc:2730 imb:66 pmb:405 smb:7689 d:- ref:0 ;
in:554 out:556 type:b dur:2 cpbdur:2 q:31.70 aq:21.52 tex:1609 mv:642 misc:1493 imb:19 pmb:179 smb:7962 d:- ref:0 ;
in:556 out:557 type:b dur:2 cpbdur:2 q:31.68 aq:21.97 tex:2022 mv:745 misc:1625 imb:20 pmb:209 smb:7931 d:- ref:0 ;
in:561 out:558 type:P dur:2 cpbdur:2 q:31.57 aq:22.01 tex:13829 mv:12523 misc:5992 imb:486 pmb:1320 smb:6354 d:- ref:0 ;
in:559 out:559 type:B dur:2 cpbdur:2 q:31.62 aq:21.40 tex:4655 mv:2098 misc:2847 imb:76 pmb:415 smb:7669 d:- ref:0 ;
in:558 out:560 type:b dur:2 cpbdur:2 q:31.64 aq:21.88 tex:2010 mv:688 misc:1662 imb:21 pmb:207 smb:7932 d:- ref:0 ;
in:560 out:561 type:b dur:2 cpbdur:2 q:31.60 aq:21.43 tex:1978 mv:615 misc:1647 imb:19 pmb:208 smb:7933 d:- ref:0 ;
in:565 out:562 type:P dur:2 cpbdur:2 q:31.40 aq:22.17 tex:19019 mv:14990 misc:6471 imb:794 pmb:1333 smb:6033 d:- ref:0 ;
in:563 out:563 type:B dur:2 cpbdur:2 q:31.49 aq:21.95 tex:5137 mv:2317 misc:2978 imb:71 pmb:488 smb:7601 d:- ref:0 ;
in:562 out:564 type:b dur:2 cpbdur:2 q:31.53 aq:21.08 tex:2107 mv:941 misc:1704 imb:27 pmb:222 smb:7911 d:- ref:0 ;
in:564 out:565 type:b dur:2 cpbdur:2 q:31.44 aq:22.57 tex:3629 mv:1097 misc:2354 imb:25 pmb:376 smb:7759 d:- ref:0 ;
in:567 out:566 type:P dur:2 cpbdur:2 q:31.21 aq:22.39 tex:7425 mv:5127 misc:3944 imb:248 pmb:590 smb:7322 d:- ref:0 ;
in:566 out:567 type:b dur:2 cpbdur:2 q:31.30 aq:19.92 tex:2313 mv:1036 misc:1907 imb:43 pmb:246 smb:7871 d:- ref:0 ;
in:568 out:568 type:I dur:2 cpbdur:2 q:28.85 aq:19.41 tex:260620 mv:102658 misc:354 imb:8160 pmb:0 smb:0 d:- ref:;
in:572 out:569 type:P dur:2 cpbdur:2 q:31.21 aq:21.66 tex:19587 mv:12876 misc:6153 imb:719 pmb:1283 smb:6158 d:- ref:0 ;
in:570 out:570 type:B dur:2 cpbdur:2 q:31.21 aq:22.38 tex:11268 mv:7327 misc:3973 imb:290 pmb:798 smb:7072 d:- ref:0 ;
in:569 out:571 type:b dur:2 cpbdur:2 q:31.21 aq:23.28 tex:834 mv:309 misc:1377 imb:1 pmb:179 smb:7980 d:- ref:0 ;
in:571 out:572 type:b dur:2 cpbdur:2 q:31.21 aq:22.53 tex:1985 mv:791 misc:1832 imb:13 pmb:289 smb:7858 d:- ref:0 ;
in:576 out:573 type:P dur:2 cpbdur:2 q:31.04 aq:23.19 tex:24904 mv:17867 misc:6781 imb:803 pmb:1855 smb:5502 d:- ref:0 ;
in:574 out:574 type:B dur:2 cpbdur:2 q:31.13 aq:22.44 tex:12006 mv:6706 misc:4328 imb:257 pmb:933 smb:6970 d:- ref:0 ;
in:573 out:575 type:b dur:2 cpbdur:2 q:31.17 aq:23.74 tex:1900 mv:830 misc:1902 imb:17 pmb:285 smb:7858 d:- ref:0 ;
in:575 out:576 type:b dur:2 cpbdur:2 q:31.08 aq:22.63 tex:2569 mv:1206 misc:2145 imb:30 pmb:332 smb:7798 d:- ref:0 ;
in:580 out:577 type:P dur:2 cpbdur:2 q:30.87 aq:21.76 tex:31269 mv:23741 misc:7134 imb:1282 pmb:2015 smb:4863 d:- ref:0 ;
in:578 out:578 type:B dur:2 cpbdur:2 q:30.95 aq:22.75 tex:12477 mv:7005 misc:4422 imb:260 pmb:973 smb:6927 d:- ref:0 ;
in:577 out:579 type:b dur:2 cpbdur:2 q:31.00 aq:24.26 tex:5164 mv:2915 misc:2721 imb:122 pmb:463 smb:7575 d:- ref:0 ;
in:579 out:580 type:b dur:2 cpbdur:2 q:30.91 aq:23.60 tex:1578 mv:811 misc:1771 imb:14 pmb:256 smb:7890 d:- ref:0 ;
in:584 out:581 type:P dur:2 cpbdur:2 q:30.73 aq:21.85 tex:21426 mv:18681 misc:6541 imb:899 pmb:1629 smb:5632 d:- ref:0 ;
in:582 out:582 type:B dur:2 cpbdur:2 q:30.80 aq:23.60 tex:7088 mv:4265 misc:3471 imb:164 pmb:639 smb:7357 d:- ref:0 ;
in:581 out:583 type:b dur:2 cpbdur:2 q:30.84 aq:23.85 tex:2052 mv:741 misc:1767 imb:17 pmb:254 smb:7889 d:- ref:0 ;
in:583 out:584 type:b dur:2 cpbdur:2 q:30.77 aq:23.93 tex:1872 mv:910 misc:1850 imb:24 pmb:266 smb:7870 d:- ref:0 ;
in:588 out:585 type:P dur:2 cpbdur:2 q:30.64 aq:22.85 tex:33341 mv:23430 misc:6845 imb:1412 pmb:1751 smb:4997 d:- ref:0 ;
in:586 out:586 type:B dur:2 cpbdur:2 q:30.69 aq:22.64 tex:11554 mv:6838 misc:4392 imb:238 pmb:944 smb:6978 d:- ref:0 ;
in:585 out:587 type:b dur:2 cpbdur:2 q:30.71 aq:23.50 tex:2176 mv:1209 misc:2055 imb:38 pmb:300 smb:7822 d:- ref:0 ;
in:587 out:588 type:b dur:2 cpbdur:2 q:30.66 aq:23.12 tex:5876 mv:3530 misc:2890 imb:139 pmb:506 smb:7515 d:- ref:0 ;
in:591 out:589 type:P dur:2 cpbdur:2 q:30.48 aq:22.87 tex:14946 mv:11308 misc:5250 imb:600 pmb:982 smb:6578 d:- ref:0 ;
in:589 out:590 type:B dur:2 cpbdur:2 q:30.58 aq:22.19 tex:524 mv:281 misc:819 imb:4 pmb:69 smb:8087 d:- ref:0 ;
in:590 out:591 type:b dur:2 cpbdur:2 q:30.53 aq:24.15 tex:2586 mv:1562 misc:2172 imb:39 pmb:325 smb:7796 d:- ref:0 ;
in:592 out:592 type:I dur:2 cpbdur:2 q:28.19 aq:16.98 tex:890467 mv:242795 misc:378 imb:8160 pmb:0 smb:0 d:- ref:;
in:596 out:593 type:P dur:2 cpbdur:2 q:30.80 aq:21.16 tex:10935 mv:3079 misc:2346 imb:21 pmb:533 smb:7606 d:- ref:0 ;
in:594 out:594 type:B dur:2 cpbdur:2 q:30.80 aq:24.15 tex:542 mv:967 misc:811 imb:3 pmb:104 smb:8053 d:- ref:0 ;
in:593 out:595 type:b dur:2 cpbdur:2 q:30.80 aq:25.70 tex:203 mv:261 misc:504 imb:5 pmb:23 smb:8132 d:- ref:0 ;
in:595 out:596 type:b dur:2 cpbdur:2 q:30.80 aq:26.88 tex:191 mv:184 misc:505 imb:1 pmb:25 smb:8134 d:- ref:0 ;
in:598 out:597 type:P dur:2 cpbdur:2 q:30.59 aq:21.57 tex:15937 mv:2889 misc:3230 imb:25 pmb:723 smb:7412 d:- ref:0 ;
in:597 out:598 type:b dur:2 cpbdur:2 q:30.69 aq:22.88 tex:395 mv:225 misc:588 imb:0 pmb:39 smb:8121 d:- ref:0 ;
in:599 out:599 type:P dur:2 cpbdur:2 q:30.50 aq:21.44 tex:26230 mv:3734 misc:4556 imb:21 pmb:1185 smb:6954 d:- ref:0 ;
in:600 out:600 type:P dur:2 cpbdur:2 q:30.48 aq:21.67 tex:42493 mv:4738 misc:5961 imb:33 pmb:1843 smb:6284 d:- ref:0 ;
in:601 out:601 type:P dur:2 cpbdur:2 q:30.45 aq:21.51 tex:70184 mv:5885 misc:6675 imb:27 pmb:2726 smb:5407 d:- ref:0 ;
in:603 out:602 type:P dur:2 cpbdur:2 q:30.43 aq:21.44 tex:87576 mv:8046 misc:7202 imb:48 pmb:3366 smb:4746 d:- ref:0 ;
in:602 out:603 type:b dur:2 cpbdur:2 q:30.44 aq:23.01 tex:745 mv:337 misc:950 imb:2 pmb:98 smb:8060 d:- ref:0 ;
in:604 out:604 type:P dur:2 cpbdur:2 q:30.38 aq:20.70 tex:51871 mv:3717 misc:5828 imb:18 pmb:1876 smb:6266 d:- ref:0 ;
in:606 out:605 type:P dur:2 cpbdur:2 q:30.33 aq:21.14 tex:37290 mv:3525 misc:4921 imb:34 pmb:1389 smb:6737 d:- ref:0 ;
in:605 out:606 type:b dur:2 cpbdur:2 q:30.36 aq:23.17 tex:417 mv:290 misc:573 imb:4 pmb:34 smb:8122 d:- ref:0 ;
in:609 out:607 type:P dur:2 cpbdur:2 q:30.50 aq:22.79 tex:17425 mv:2921 misc:3150 imb:42 pmb:726 smb:7392 d:- ref:0 ;
in:607 out:608 type:B dur:2 cpbdur:2 q:30.39 aq:23.39 tex:716 mv:854 misc:918 imb:3 pmb:117 smb:8040 d:- ref:0 ;
in:608 out:609 type:b dur:2 cpbdur:2 q:30.45 aq:26.17 tex:315 mv:296 misc:581 imb:1 pmb:35 smb:8124 d:- ref:0 ;
in:613 out:610 type:P dur:2 cpbdur:2 q:30.36 aq:22.63 tex:20823 mv:4344 misc:4417 imb:99 pmb:1043 smb:7018 d:- ref:0 ;
in:611 out:611 type:B dur:2 cpbdur:2 q:30.43 aq:23.53 tex:2186 mv:1542 misc:1368 imb:9 pmb:223 smb:7928 d:- ref:0 ;
in:610 out:612 type:b dur:2 cpbdur:2 q:30.47 aq:23.69 tex:887 mv:337 misc:1000 imb:0 pmb:104 smb:8056 d:- ref:0 ;
in:612 out:613 type:b dur:2 cpbdur:2 q:30.40 aq:24.69 tex:369 mv:310 misc:537 imb:4 pmb:30 smb:8126 d:- ref:0 ;
in:615 out:614 type:P dur:2 cpbdur:2 q:30.28 aq:23.10 tex:1917 mv:1128 misc:1043 imb:9 pmb:181 smb:7970 d:- ref:0 ;
in:614 out:615 type:b dur:2 cpbdur:2 q:30.32 aq:24.58 tex:326 mv:204 misc:526 imb:1 pmb:26 smb:8133 d:- ref:0 ;
in:616 out:616 type:I dur:2 cpbdur:2 q:27.74 aq:18.50 tex:473222 mv:107157 misc:309 imb:8160 pmb:0 smb:0 d:- ref:;
in:620 out:617 type:P dur:2 cpbdur:2 q:30.47 aq:21.16 tex:64051 mv:30817 misc:6436 imb:1621 pmb:2232 smb:4307 d:- ref:0 ;
in:618 out:618 type:B dur:2 cpbdur:2 q:30.47 aq:23.33 tex:9766 mv:17156 misc:5422 imb:207 pmb:1498 smb:6455 d:- ref:0 ;
in:617 out:619 type:b dur:2 cpbdur:2 q:30.47 aq:23.76 tex:5041 mv:10333 misc:4034 imb:141 pmb:893 smb:7126 d:- ref:0 ;
in:619 out:620 type:b dur:2 cpbdur:2 q:30.47 aq:23.69 tex:2333 mv:7170 misc:3209 imb:50 pmb:711 smb:7399 d:- ref:0 ;
in:624 out:621 type:P dur:2 cpbdur:2 q:30.39 aq:20.46 tex:69611 mv:33932 misc:6553 imb:1722 pmb:2458 smb:3980 d:- ref:0 ;
in:622 out:622 type:B dur:2 cpbdur:2 q:30.43 aq:22.57 tex:8924 mv:15300 misc:5400 imb:189 pmb:1506 smb:6465 d:- ref:0 ;
in:621 out:623 type:b dur:2 cpbdur:2 q:30.45 aq:22.59 tex:3220 mv:7523 misc:3537 imb:76 pmb:764 smb:7320 d:- ref:0 ;
in:623 out:624 type:b dur:2 cpbdur:2 q:30.41 aq:23.54 tex:3420 mv:6308 misc:3328 imb:52 pmb:707 smb:7401 d:- ref:0 ;
in:628 out:625 type:P dur:2 cpbdur:2 q:30.23 aq:20.67 tex:73600 mv:32055 misc:6849 imb:1643 pmb:2429 smb:4088 d:- ref:0 ;
in:626 out:626 type:B dur:2 cpbdur:2 q:30.31 aq:23.37 tex:11025 mv:14627 misc:5548 imb:136 pmb:1565 smb:6459 d:- ref:0 ;
in:625 out:627 type:b dur:2 cpbdur:2 q:30.35 aq:22.67 tex:3194 mv:6740 misc:3530 imb:46 pmb:775 smb:7339 d:- ref:0 ;
in:627 out:628 type:b dur:2 cpbdur:2 q:30.27 aq:22.93 tex:3209 mv:5522 misc:3261 imb:28 pmb:696 smb:7436 d:- ref:0 ;
in:632 out:629 type:P dur:2 cpbdur:2 q:30.06 aq:22.00 tex:63317 mv:30006 misc:7013 imb:1419 pmb:2444 smb:4297 d:- ref:0 ;
in:630 out:630 type:B dur:2 cpbdur:2 q:30.14 aq:22.49 tex:13209 mv:14151 misc:5776 imb:119 pmb:1667 smb:6374 d:- ref:0 ;
in:629 out:631 type:b dur:2 cpbdur:2 q:30.19 aq:24.05 tex:4652 mv:6168 misc:3732 imb:37 pmb:820 smb:7303 d:- ref:0 ;
in:631 out:632 type:b dur:2 cpbdur:2 q:30.10 aq:24.00 tex:3919 mv:4996 misc:3405 imb:37 pmb:701 smb:7422 d:- ref:0 ;
in:636 out:633 type:P dur:2 cpbdur:2 q:30.05 aq:24.25 tex:20963 mv:19803 misc:6570 imb:891 pmb:1518 smb:5751 d:- ref:0 ;
in:634 out:634 type:B dur:2 cpbdur:2 q:30.05 aq:23.06 tex:19412 mv:16439 misc:6093 imb:175 pmb:1898 smb:6087 d:- ref:0 ;
in:633 out:635 type:b dur:2 cpbdur:2 q:30.06 aq:23.65 tex:4619 mv:5920 misc:3549 imb:38 pmb:774 smb:7348 d:- ref:0 ;
in:635 out:636 type:b dur:2 cpbdur:2 q:30.05 aq:24.21 tex:5001 mv:5969 misc:3614 imb:46 pmb:758 smb:7356 d:- ref:0 ;
in:637 out:637 type:P dur:2 cpbdur:2 q:29.92 aq:14.48 tex:9773 mv:6742 misc:1069 imb:7022 pmb:21 smb:1117 d:- ref:0 ;
in:638 out:638 type:i dur:2 cpbdur:2 q:27.44 aq:15.91 tex:95639 mv:55644 misc:349 imb:8160 pmb:0 smb:0 d:- ref:;
in:639 out:639 type:P dur:2 cpbdur:2 q:29.91 aq:19.85 tex:141203 mv:40032 misc:877 imb:7222 pmb:907 smb:31 d:- ref:0 w:6,91,-3 ;
in:640 out:640 type:P dur:2 cpbdur:2 q:29.94 aq:20.14 tex:185875 mv:47404 misc:1113 imb:6633 pmb:1437 smb:90 d:- ref:0 w:3,9,2,6,101,-74,105,-82 ;
in:641 out:641 type:P dur:2 cpbdur:2 q:29.95 aq:21.44 tex:155168 mv:48843 misc:1533 imb:6108 pmb:1854 smb:198 d:- ref:0 w:5,33,7,6,91,-54,98,-68 ;
in:642 out:642 type:P dur:2 cpbdur:2 q:29.95 aq:23.39 tex:220126 mv:50805 misc:1085 imb:6212 pmb:1384 smb:564 d:- ref:0 ;
in:643 out:643 type:P dur:2 cpbdur:2 q:29.94 aq:23.19 tex:193924 mv:55948 misc:1520 imb:5191 pmb:1940 smb:1029 d:- ref:0 ;
in:644 out:644 type:P dur:2 cpbdur:2 q:29.98 aq:23.92 tex:210917 mv:58991 misc:1620 imb:5032 pmb:2101 smb:1027 d:- ref:0 ;
in:645 out:645 type:P dur:2 cpbdur:2 q:29.99 aq:24.60 tex:201637 mv:59786 misc:1649 imb:4903 pmb:2220 smb:1037 d:- ref:0 ;
in:646 out:646 type:P dur:2 cpbdur:2 q:30.00 aq:24.71 tex:189922 mv:60867 misc:1971 imb:4632 pmb:2435 smb:1093 d:- ref:0 ;
in:647 out:647 type:P dur:2 cpbdur:2 q:30.00 aq:24.56 tex:210188 mv:62751 misc:1917 imb:4413 pmb:2685 smb:1062 d:- ref:0 ;
in:648 out:648 type:P dur:2 cpbdur:2 q:30.02 aq:25.17 tex:105040 mv:46225 misc:4903 imb:2631 pmb:2643 smb:2886 d:- ref:0 ;
in:649 out:649 type:P dur:2 cpbdur:2 q:30.03 aq:25.02 tex:173176 mv:56779 misc:3373 imb:3914 pmb:2478 smb:1768 d:- ref:0 ;
in:650 out:650 type:P dur:2 cpbdur:2 q:30.03 aq:24.49 tex:146331 mv:53710 misc:4063 imb:3179 pmb:2961 smb:2020 d:- ref:0 ;
in:651 out:651 type:P dur:2 cpbdur:2 q:30.03 aq:24.49 tex:137977 mv:51876 misc:4227 imb:3297 pmb:2718 smb:2145 d:- ref:0 ;
in:652 out:652 type:P dur:2 cpbdur:2 q:30.02 aq:24.17 tex:128697 mv:47192 misc:4543 imb:2841 pmb:2646 smb:2673 d:- ref:0 ;
in:653 out:653 type:P dur:2 cpbdur:2 q:30.02 aq:24.36 tex:134481 mv:47267 misc:4460 imb:2795 pmb:2782 smb:2583 d:- ref:0 ;
in:654 out:654 type:P dur:2 cpbdur:2 q:30.09 aq:24.28 tex:126738 mv:48962 misc:4380 imb:2946 pmb:2747 smb:2467 d:- ref:0 ;
in:655 out:655 type:P dur:2 cpbdur:2 q:30.21 aq:24.59 tex:122728 mv:47953 misc:4439 imb:3016 pmb:2580 smb:2564 d:- ref:0 ;
in:656 out:656 type:P dur:2 cpbdur:2 q:30.33 aq:25.61 tex:116939 mv:48049 misc:4732 imb:2804 pmb:2620 smb:2736 d:- ref:0 ;
in:657 out:657 type:P dur:2 cpbdur:2 q:30.48 aq:26.26 tex:195439 mv:57471 misc:3498 imb:3807 pmb:2516 smb:1837 d:- ref:0 ;
in:658 out:658 type:P dur:2 cpbdur:2 q:30.67 aq:25.96 tex:275827 mv:64501 misc:1232 imb:4527 pmb:2873 smb:760 d:- ref:0 ;
in:659 out:659 type:P dur:2 cpbdur:2 q:30.88 aq:25.92 tex:198074 mv:60953 misc:2613 imb:4274 pmb:2615 smb:1271 d:- ref:0 ;
in:660 out:660 type:P dur:2 cpbdur:2 q:31.07 aq:25.80 tex:166598 mv:59101 misc:3509 imb:3672 pmb:2813 smb:1675 d:- ref:0 ;
in:661 out:661 type:P dur:2 cpbdur:2 q:31.23 aq:26.10 tex:174009 mv:60617 misc:3646 imb:3423 pmb:3098 smb:1639 d:- ref:0 ;
in:662 out:662 type:P dur:2 cpbdur:2 q:31.40 aq:26.31 tex:135675 mv:54023 misc:4806 imb:2757 pmb:3011 smb:2392 d:- ref:0 ;
in:663 out:663 type:P dur:2 cpbdur:2 q:31.51 aq:27.03 tex:135542 mv:54272 misc:4562 imb:3040 pmb:2855 smb:2265 d:- ref:0 ;
in:664 out:664 type:P dur:2 cpbdur:2 q:31.63 aq:26.47 tex:222121 mv:60916 misc:2811 imb:4182 pmb:2566 smb:1412 d:- ref:0 ;
in:665 out:665 type:P dur:2 cpbdur:2 q:31.76 aq:25.86 tex:94173 mv:43394 misc:4369 imb:3422 pmb:2228 smb:2510 d:- ref:0 ;
in:666 out:666 type:P dur:2 cpbdur:2 q:31.85 aq:26.27 tex:83146 mv:40026 misc:3764 imb:4199 pmb:1698 smb:2263 d:- ref:0 ;
in:667 out:667 type:P dur:2 cpbdur:2 q:31.92 aq:26.05 tex:158718 mv:47894 misc:708 imb:6842 pmb:1312 smb:6 d:- ref:0 w:7,109,12,0,1,0,1,2 ;
in:668 out:668 type:P dur:2 cpbdur:2 q:32.01 aq:26.73 tex:102936 mv:40176 misc:1680 imb:6069 pmb:980 smb:1111 d:- ref:0 ;
in:669 out:669 type:P dur:2 cpbdur:2 q:32.07 aq:27.68 tex:115356 mv:45925 misc:1191 imb:6547 pmb:679 smb:934 d:- ref:0 ;
in:670 out:670 type:P dur:2 cpbdur:2 q:32.12 aq:25.57 tex:104831 mv:46599 misc:1266 imb:6481 pmb:813 smb:866 d:- ref:0 ;
in:671 out:671 type:P dur:2 cpbdur:2 q:32.15 aq:26.20 tex:106133 mv:43862 misc:1461 imb:6437 pmb:735 smb:988 d:- ref:0 ;
in:672 out:672 type:I dur:2 cpbdur:2 q:28.04 aq:21.46 tex:152637 mv:69986 misc:457 imb:8160 pmb:0 smb:0 d:- ref:;
in:673 out:673 type:P dur:2 cpbdur:2 q:32.30 aq:25.88 tex:95790 mv:37876 misc:3182 imb:4834 pmb:850 smb:2476 d:- ref:0 ;
in:674 out:674 type:P dur:2 cpbdur:2 q:32.35 aq:25.70 tex:86096 mv:36829 misc:3691 imb:4254 pmb:1003 smb:2903 d:- ref:0 ;
in:675 out:675 type:P dur:2 cpbdur:2 q:32.39 aq:24.80 tex:85426 mv:38463 misc:3799 imb:4175 pmb:1103 smb:2882 d:- ref:0 ;
in:676 out:676 type:P dur:2 cpbdur:2 q:32.44 aq:23.44 tex:83506 mv:42009 misc:4101 imb:4223 pmb:1477 smb:2460 d:- ref:0 ;
in:677 out:677 type:P dur:2 cpbdur:2 q:32.48 aq:24.30 tex:64859 mv:36905 misc:4484 imb:2938 pmb:1551 smb:3671 d:- ref:0 ;
in:678 out:678 type:P dur:2 cpbdur:2 q:32.52 aq:24.75 tex:55272 mv:33085 misc:4707 imb:2545 pmb:1433 smb:4182 d:- ref:0 ;
in:679 out:679 type:P dur:2 cpbdur:2 q:32.59 aq:23.81 tex:58307 mv:33293 misc:4896 imb:2555 pmb:1472 smb:4133 d:- ref:0 ;
in:682 out:680 type:P dur:2 cpbdur:2 q:32.62 aq:23.51 tex:97628 mv:42902 misc:3718 imb:4394 pmb:1277 smb:2489 d:- ref:0 ;
in:680 out:681 type:B dur:2 cpbdur:2 q:32.60 aq:24.59 tex:44810 mv:38533 misc:6153 imb:1149 pmb:2704 smb:4307 d:- ref:0 ;
in:681 out:682 type:b dur:2 cpbdur:2 q:32.61 aq:25.32 tex:34115 mv:32866 misc:6163 imb:854 pmb:2597 smb:4709 d:- ref:0 ;
in:684 out:683 type:P dur:2 cpbdur:2 q:32.68 aq:23.03 tex:76007 mv:38643 misc:3542 imb:4357 pmb:1265 smb:2538 d:- ref:0 ;
in:683 out:684 type:b dur:2 cpbdur:2 q:32.65 aq:25.84 tex:33937 mv:31466 misc:6301 imb:840 pmb:2845 smb:4475 d:- ref:0 ;
in:685 out:685 type:P dur:2 cpbdur:2 q:32.73 aq:21.90 tex:47901 mv:28888 misc:4491 imb:3473 pmb:1089 smb:3598 d:- ref:0 ;
in:686 out:686 type:P dur:2 cpbdur:2 q:32.77 aq:19.51 tex:39205 mv:20642 misc:3497 imb:2965 pmb:629 smb:4566 d:- ref:0 ;
in:687 out:687 type:P dur:2 cpbdur:2 q:32.80 aq:20.52 tex:42038 mv:14023 misc:2131 imb:1688 pmb:334 smb:6138 d:- ref:0 ;
in:688 out:688 type:P dur:2 cpbdur:2 q:32.81 aq:24.21 tex:21317 mv:9794 misc:1569 imb:912 pmb:466 smb:6782 d:- ref:0 w:7,91,5,7,100,28,121,7 ;
in:689 out:689 type:P dur:2 cpbdur:2 q:32.82 aq:20.37 tex:24291 mv:8539 misc:1642 imb:905 pmb:264 smb:6991 d:- ref:0 ;
in:690 out:690 type:P dur:2 cpbdur:2 q:32.82 aq:24.19 tex:39679 mv:16070 misc:2091 imb:2576 pmb:390 smb:5194 d:- ref:0 ;
in:691 out:691 type:P dur:2 cpbdur:2 q:32.84 aq:25.38 tex:61145 mv:25835 misc:1924 imb:4749 pmb:330 smb:3081 d:- ref:0 ;
in:692 out:692 type:P dur:2 cpbdur:2 q:32.85 aq:25.51 tex:61984 mv:27732 misc:1748 imb:4827 pmb:437 smb:2896 d:- ref:0 ;
in:693 out:693 type:P dur:2 cpbdur:2 q:32.85 aq:26.50 tex:52586 mv:27873 misc:1765 imb:4796 pmb:441 smb:2923 d:- ref:0 ;
in:694 out:694 type:P dur:2 cpbdur:2 q:32.85 aq:24.88 tex:42049 mv:27033 misc:4174 imb:3824 pmb:963 smb:3373 d:- ref:0 ;
in:695 out:695 type:P dur:2 cpbdur:2 q:32.87 aq:26.58 tex:40031 mv:25132 misc:1717 imb:4854 pmb:248 smb:3058 d:- ref:0 ;
in:696 out:696 type:P dur:2 cpbdur:2 q:32.90 aq:25.51 tex:36301 mv:24719 misc:2044 imb:4552 pmb:351 smb:3257 d:- ref:0 ;
in:697 out:697 type:P dur:2 cpbdur:2 q:32.92 aq:24.86 tex:29016 mv:23948 misc:3116 imb:4131 pmb:517 smb:3512 d:- ref:0 ;
in:698 out:698 type:P dur:2 cpbdur:2 q:32.92 aq:25.08 tex:26921 mv:23207 misc:2840 imb:4053 pmb:487 smb:3620 d:- ref:0 ;
in:699 out:699 type:P dur:2 cpbdur:2 q:32.94 aq:25.36 tex:26200 mv:19967 misc:3329 imb:3636 pmb:397 smb:4127 d:- ref:0 ;
in:700 out:700 type:P dur:2 cpbdur:2 q:32.93 aq:25.01 tex:27642 mv:20839 misc:3463 imb:3879 pmb:482 smb:3799 d:- ref:0 ;
in:701 out:701 type:P dur:2 cpbdur:2 q:32.92 aq:24.74 tex:23909 mv:19121 misc:3234 imb:3745 pmb:410 smb:4005 d:- ref:0 ;
in:702 out:702 type:P dur:2 cpbdur:2 q:32.90 aq:24.86 tex:24077 mv:19883 misc:3080 imb:3817 pmb:440 smb:3903 d:- ref:0 ;
in:703 out:703 type:P dur:2 cpbdur:2 q:32.87 aq:24.52 tex:25950 mv:20511 misc:3019 imb:4188 pmb:394 smb:3578 d:- ref:0 ;
in:704 out:704 type:P dur:2 cpbdur:2 q:32.84 aq:24.04 tex:24773 mv:19160 misc:3043 imb:4008 pmb:360 smb:3792 d:- ref:0 ;
in:705 out:705 type:P dur:2 cpbdur:2 q:32.82 aq:22.33 tex:29184 mv:21035 misc:2453 imb:4725 pmb:371 smb:3064 d:- ref:0 ;
in:706 out:706 type:P dur:2 cpbdur:2 q:32.81 aq:22.86 tex:21510 mv:17126 misc:2796 imb:3756 pmb:332 smb:4072 d:- ref:0 ;
in:707 out:707 type:P dur:2 cpbdur:2 q:32.81 aq:23.70 tex:21117 mv:17066 misc:3057 imb:3451 pmb:396 smb:4313 d:- ref:0 ;
in:708 out:708 type:P dur:2 cpbdur:2 q:32.81 aq:22.71 tex:19746 mv:16174 misc:3528 imb:3050 pmb:399 smb:4711 d:- ref:0 ;
in:709 out:709 type:P dur:2 cpbdur:2 q:32.81 aq:23.05 tex:17012 mv:15230 misc:3566 imb:2747 pmb:352 smb:5061 d:- ref:0 ;
in:710 out:710 type:P dur:2 cpbdur:2 q:32.80 aq:23.24 tex:19331 mv:15327 misc:3070 imb:2985 pmb:328 smb:4847 d:- ref:0 ;
in:711 out:711 type:P dur:2 cpbdur:2 q:32.79 aq:22.24 tex:18369 mv:15704 misc:3215 imb:2878 pmb:362 smb:4920 d:- ref:0 ;
in:712 out:712 type:P dur:2 cpbdur:2 q:32.78 aq:21.16 tex:15133 mv:14471 misc:3284 imb:2679 pmb:349 smb:5132 d:- ref:0 ;
in:713 out:713 type:P dur:2 cpbdur:2 q:32.77 aq:21.79 tex:18192 mv:14830 misc:2666 imb:3016 pmb:297 smb:4847 d:- ref:0 ;
in:714 out:714 type:P dur:2 cpbdur:2 q:32.75 aq:18.43 tex:18190 mv:13592 misc:2290 imb:3310 pmb:206 smb:4644 d:- ref:0 ;
in:716 out:715 type:P dur:2 cpbdur:2 q:32.74 aq:16.94 tex:6387 mv:4583 misc:1414 imb:2225 pmb:84 smb:5851 d:- ref:0 w:7,73,7,7,83,45,83,45 ;
in:715 out:716 type:b dur:2 cpbdur:2 q:32.74 aq:21.08 tex:5451 mv:5919 misc:2454 imb:371 pmb:769 smb:7020 d:- ref:0 ;
in:717 out:717 type:P dur:2 cpbdur:2 q:32.70 aq:21.87 tex:5312 mv:2369 misc:615 imb:499 pmb:18 smb:7643 d:- ref:0 ;
in:719 out:718 type:P dur:2 cpbdur:2 q:32.69 aq:18.00 tex:152 mv:585 misc:615 imb:445 pmb:8 smb:7707 d:- ref:0 ;
in:718 out:719 type:b dur:2 cpbdur:2 q:32.70 aq:18.47 tex:82 mv:92 misc:618 imb:0 pmb:94 smb:8066 d:- ref:0 ;
